<?xml version="1.0" encoding="UTF-8"?>
<testsuite name="com.muczynski.library.service.LibraryCardPdfServiceTest" tests="9" skipped="0" failures="0" errors="0" timestamp="2025-11-30T03:06:13.318Z" hostname="cs-913025961294-default" time="0.277">
  <properties/>
  <testcase name="testGenerateLibraryCardPdf_ConsistentSize()" classname="com.muczynski.library.service.LibraryCardPdfServiceTest" time="0.108"/>
  <testcase name="testLibraryCardDesign_GetImageFilename()" classname="com.muczynski.library.service.LibraryCardPdfServiceTest" time="0.006"/>
  <testcase name="testGenerateLibraryCardPdf_WithDefaultDesign()" classname="com.muczynski.library.service.LibraryCardPdfServiceTest" time="0.014"/>
  <testcase name="testGenerateLibraryCardPdf_WithAllDesigns()" classname="com.muczynski.library.service.LibraryCardPdfServiceTest" time="0.055"/>
  <testcase name="testLibraryCardDesign_GetDefault()" classname="com.muczynski.library.service.LibraryCardPdfServiceTest" time="0.005"/>
  <testcase name="testGenerateLibraryCardPdf_PDFSizeIsReasonable()" classname="com.muczynski.library.service.LibraryCardPdfServiceTest" time="0.01"/>
  <testcase name="testLibraryCardDesign_GetDisplayName()" classname="com.muczynski.library.service.LibraryCardPdfServiceTest" time="0.007"/>
  <testcase name="testGenerateLibraryCardPdf_WithNullDesign_UsesDefault()" classname="com.muczynski.library.service.LibraryCardPdfServiceTest" time="0.019"/>
  <testcase name="testGenerateLibraryCardPdf_DifferentDesignsProduceDifferentPDFs()" classname="com.muczynski.library.service.LibraryCardPdfServiceTest" time="0.042"/>
  <system-out><![CDATA[2025-11-30T03:06:10.539Z  INFO 26936 --- [    Test worker] t.c.s.AnnotationConfigContextLoaderUtils : Could not detect default configuration classes for test class [com.muczynski.library.service.LibraryCardPdfServiceTest]: LibraryCardPdfServiceTest does not declare any static, non-private, non-final, nested classes annotated with @Configuration.
2025-11-30T03:06:10.568Z  INFO 26936 --- [    Test worker] .b.t.c.SpringBootTestContextBootstrapper : Found @SpringBootConfiguration com.muczynski.library.LibraryApplication for test class com.muczynski.library.service.LibraryCardPdfServiceTest

  .   ____          _            __ _ _
 /\\ / ___'_ __ _ _(_)_ __  __ _ \ \ \ \
( ( )\___ | '_ | '_| | '_ \/ _` | \ \ \ \
 \\/  ___)| |_)| | | | | || (_| |  ) ) ) )
  '  |____| .__|_| |_|_| |_\__, | / / / /
 =========|_|==============|___/=/_/_/_/

 :: Spring Boot ::                (v3.5.8)

2025-11-30T03:06:10.614Z  INFO 26936 --- [    Test worker] c.m.l.service.LibraryCardPdfServiceTest  : Starting LibraryCardPdfServiceTest using Java 17.0.16 with PID 26936 (started by johnstosh in /home/johnstosh/library)
2025-11-30T03:06:10.615Z DEBUG 26936 --- [    Test worker] c.m.l.service.LibraryCardPdfServiceTest  : Running with Spring Boot v3.5.8, Spring v6.2.14
2025-11-30T03:06:10.615Z  INFO 26936 --- [    Test worker] c.m.l.service.LibraryCardPdfServiceTest  : The following 1 profile is active: "test"
2025-11-30T03:06:11.104Z  INFO 26936 --- [    Test worker] .s.d.r.c.RepositoryConfigurationDelegate : Bootstrapping Spring Data JPA repositories in DEFAULT mode.
2025-11-30T03:06:11.142Z  INFO 26936 --- [    Test worker] .s.d.r.c.RepositoryConfigurationDelegate : Finished Spring Data repository scanning in 35 ms. Found 9 JPA repository interfaces.
2025-11-30T03:06:11.340Z  INFO 26936 --- [    Test worker] o.hibernate.jpa.internal.util.LogHelper  : HHH000204: Processing PersistenceUnitInfo [name: default]
2025-11-30T03:06:11.344Z  INFO 26936 --- [    Test worker] o.h.c.internal.RegionFactoryInitiator    : HHH000026: Second-level cache disabled
2025-11-30T03:06:11.362Z  INFO 26936 --- [    Test worker] o.s.o.j.p.SpringPersistenceUnitInfo      : No LoadTimeWeaver setup: ignoring JPA class transformer
2025-11-30T03:06:11.363Z  INFO 26936 --- [    Test worker] com.zaxxer.hikari.HikariDataSource       : HikariPool-22 - Starting...
2025-11-30T03:06:11.365Z  INFO 26936 --- [    Test worker] com.zaxxer.hikari.pool.HikariPool        : HikariPool-22 - Added connection conn210: url=jdbc:h2:mem:testdb user=SA
2025-11-30T03:06:11.365Z  INFO 26936 --- [    Test worker] com.zaxxer.hikari.HikariDataSource       : HikariPool-22 - Start completed.
2025-11-30T03:06:11.365Z  WARN 26936 --- [    Test worker] org.hibernate.orm.deprecation            : HHH90000025: H2Dialect does not need to be specified explicitly using 'hibernate.dialect' (remove the property setting and it will be selected by default)
2025-11-30T03:06:11.366Z  INFO 26936 --- [    Test worker] org.hibernate.orm.connections.pooling    : HHH10001005: Database info:
	Database JDBC URL [Connecting through datasource 'HikariDataSource (HikariPool-22)']
	Database driver: undefined/unknown
	Database version: 2.3.232
	Autocommit mode: undefined/unknown
	Isolation level: undefined/unknown
	Minimum pool size: undefined/unknown
	Maximum pool size: undefined/unknown
2025-11-30T03:06:11.608Z  INFO 26936 --- [    Test worker] o.h.e.t.j.p.i.JtaPlatformInitiator       : HHH000489: No JTA platform available (set 'hibernate.transaction.jta.platform' to enable JTA platform integration)
2025-11-30T03:06:11.671Z  INFO 26936 --- [    Test worker] j.LocalContainerEntityManagerFactoryBean : Initialized JPA EntityManagerFactory for persistence unit 'default'
2025-11-30T03:06:12.338Z  INFO 26936 --- [    Test worker] o.s.b.a.w.s.WelcomePageHandlerMapping    : Adding welcome page: class path resource [static/index.html]
2025-11-30T03:06:12.551Z  INFO 26936 --- [    Test worker] r$InitializeUserDetailsManagerConfigurer : Global AuthenticationManager configured with UserDetailsService bean with name customUserDetailsService
2025-11-30T03:06:13.265Z  INFO 26936 --- [    Test worker] c.m.l.service.LibraryCardPdfServiceTest  : Started LibraryCardPdfServiceTest in 2.692 seconds (process running for 262.377)
2025-11-30T03:06:13.286Z  INFO 26936 --- [    Test worker] c.m.library.config.DatabaseMigration     : Checking for users without userIdentifier...
2025-11-30T03:06:13.297Z DEBUG 26936 --- [    Test worker] c.m.library.config.DatabaseMigration     : Generated userIdentifier for user: librarian (ID: 1)
2025-11-30T03:06:13.298Z DEBUG 26936 --- [    Test worker] c.m.library.config.DatabaseMigration     : Generated userIdentifier for user: testuser (ID: 2)
2025-11-30T03:06:13.298Z  INFO 26936 --- [    Test worker] c.m.library.config.DatabaseMigration     : Migration complete: Generated userIdentifier for 2 users
2025-11-30T03:06:13.314Z  INFO 26936 --- [    Test worker] c.m.library.service.PhotoService         : Checksum migration: No photos without checksum found
]]></system-out>
  <system-err><![CDATA[]]></system-err>
</testsuite>
