<?xml version="1.0" encoding="UTF-8"?>
<testsuite name="com.muczynski.library.controller.LibraryCardControllerTest" tests="12" skipped="0" failures="0" errors="0" timestamp="2025-11-30T03:05:47.848Z" hostname="cs-913025961294-default" time="1.251">
  <properties/>
  <testcase name="testPrintLibraryCard_WithNullDesign_UsesDefault()" classname="com.muczynski.library.controller.LibraryCardControllerTest" time="0.402"/>
  <testcase name="testPrintLibraryCard_Success_PatronOfCreatures()" classname="com.muczynski.library.controller.LibraryCardControllerTest" time="0.047"/>
  <testcase name="testPrintLibraryCard_Success_AsLibrarian()" classname="com.muczynski.library.controller.LibraryCardControllerTest" time="0.061"/>
  <testcase name="testPrintLibraryCard_Success_RadiantBlessing()" classname="com.muczynski.library.controller.LibraryCardControllerTest" time="0.05"/>
  <testcase name="testPrintLibraryCard_Unauthorized()" classname="com.muczynski.library.controller.LibraryCardControllerTest" time="0.013"/>
  <testcase name="testPrintLibraryCard_UserNotFound()" classname="com.muczynski.library.controller.LibraryCardControllerTest" time="0.02"/>
  <testcase name="testPrintLibraryCard_Success_CountrysideYouth()" classname="com.muczynski.library.controller.LibraryCardControllerTest" time="0.058"/>
  <testcase name="testPrintLibraryCard_PDFSize_IsReasonable()" classname="com.muczynski.library.controller.LibraryCardControllerTest" time="0.116"/>
  <testcase name="testPrintLibraryCard_Success_DefaultDesign()" classname="com.muczynski.library.controller.LibraryCardControllerTest" time="0.078"/>
  <testcase name="testPrintLibraryCard_Success_ClassicalDevotion()" classname="com.muczynski.library.controller.LibraryCardControllerTest" time="0.056"/>
  <testcase name="testPrintLibraryCard_Success_SacredHeartPortrait()" classname="com.muczynski.library.controller.LibraryCardControllerTest" time="0.045"/>
  <testcase name="testPrintLibraryCard_AllDesigns_GenerateUniquePDFs()" classname="com.muczynski.library.controller.LibraryCardControllerTest" time="0.275"/>
  <system-out><![CDATA[2025-11-30T03:05:47.814Z  INFO 26936 --- [    Test worker] t.c.s.AnnotationConfigContextLoaderUtils : Could not detect default configuration classes for test class [com.muczynski.library.controller.LibraryCardControllerTest]: LibraryCardControllerTest does not declare any static, non-private, non-final, nested classes annotated with @Configuration.
2025-11-30T03:05:47.829Z  INFO 26936 --- [    Test worker] .b.t.c.SpringBootTestContextBootstrapper : Found @SpringBootConfiguration com.muczynski.library.LibraryApplication for test class com.muczynski.library.controller.LibraryCardControllerTest
2025-11-30T03:05:48.443Z  WARN 26936 --- [    Test worker] c.m.l.exception.GlobalExceptionHandler   : Library exception on path uri=/api/library-card/print: User not found
]]></system-out>
  <system-err><![CDATA[]]></system-err>
</testsuite>
