<?xml version="1.0" encoding="UTF-8"?>
<testsuite name="com.muczynski.library.controller.BookControllerTest" tests="8" skipped="0" failures="0" errors="0" timestamp="2025-11-30T03:05:31.016Z" hostname="cs-913025961294-default" time="0.574">
  <properties/>
  <testcase name="rotatePhotoCCW()" classname="com.muczynski.library.controller.BookControllerTest" time="0.043"/>
  <testcase name="getAllBooks()" classname="com.muczynski.library.controller.BookControllerTest" time="0.06"/>
  <testcase name="updateBook()" classname="com.muczynski.library.controller.BookControllerTest" time="0.109"/>
  <testcase name="getBookById()" classname="com.muczynski.library.controller.BookControllerTest" time="0.073"/>
  <testcase name="rotatePhotoCW()" classname="com.muczynski.library.controller.BookControllerTest" time="0.055"/>
  <testcase name="createBook()" classname="com.muczynski.library.controller.BookControllerTest" time="0.065"/>
  <testcase name="addPhotoToBook()" classname="com.muczynski.library.controller.BookControllerTest" time="0.088"/>
  <testcase name="deleteBook()" classname="com.muczynski.library.controller.BookControllerTest" time="0.045"/>
  <system-out><![CDATA[2025-11-30T03:05:25.968Z  INFO 26936 --- [    Test worker] t.c.s.AnnotationConfigContextLoaderUtils : Could not detect default configuration classes for test class [com.muczynski.library.controller.BookControllerTest]: BookControllerTest does not declare any static, non-private, non-final, nested classes annotated with @Configuration.
2025-11-30T03:05:25.974Z  INFO 26936 --- [    Test worker] .b.t.c.SpringBootTestContextBootstrapper : Found @SpringBootConfiguration com.muczynski.library.LibraryApplication for test class com.muczynski.library.controller.BookControllerTest

  .   ____          _            __ _ _
 /\\ / ___'_ __ _ _(_)_ __  __ _ \ \ \ \
( ( )\___ | '_ | '_| | '_ \/ _` | \ \ \ \
 \\/  ___)| |_)| | | | | || (_| |  ) ) ) )
  '  |____| .__|_| |_|_| |_\__, | / / / /
 =========|_|==============|___/=/_/_/_/

 :: Spring Boot ::                (v3.5.8)

2025-11-30T03:05:26.052Z  INFO 26936 --- [    Test worker] c.m.l.controller.BookControllerTest      : Starting BookControllerTest using Java 17.0.16 with PID 26936 (started by johnstosh in /home/johnstosh/library)
2025-11-30T03:05:26.053Z DEBUG 26936 --- [    Test worker] c.m.l.controller.BookControllerTest      : Running with Spring Boot v3.5.8, Spring v6.2.14
2025-11-30T03:05:26.053Z  INFO 26936 --- [    Test worker] c.m.l.controller.BookControllerTest      : The following 1 profile is active: "test"
2025-11-30T03:05:26.642Z  INFO 26936 --- [    Test worker] .s.d.r.c.RepositoryConfigurationDelegate : Bootstrapping Spring Data JPA repositories in DEFAULT mode.
2025-11-30T03:05:26.692Z  INFO 26936 --- [    Test worker] .s.d.r.c.RepositoryConfigurationDelegate : Finished Spring Data repository scanning in 45 ms. Found 9 JPA repository interfaces.
2025-11-30T03:05:27.559Z  INFO 26936 --- [    Test worker] o.hibernate.jpa.internal.util.LogHelper  : HHH000204: Processing PersistenceUnitInfo [name: default]
2025-11-30T03:05:27.568Z  INFO 26936 --- [    Test worker] o.h.c.internal.RegionFactoryInitiator    : HHH000026: Second-level cache disabled
2025-11-30T03:05:27.587Z  INFO 26936 --- [    Test worker] o.s.o.j.p.SpringPersistenceUnitInfo      : No LoadTimeWeaver setup: ignoring JPA class transformer
2025-11-30T03:05:27.589Z  INFO 26936 --- [    Test worker] com.zaxxer.hikari.HikariDataSource       : HikariPool-10 - Starting...
2025-11-30T03:05:27.591Z  INFO 26936 --- [    Test worker] com.zaxxer.hikari.pool.HikariPool        : HikariPool-10 - Added connection conn90: url=jdbc:h2:mem:testdb user=SA
2025-11-30T03:05:27.591Z  INFO 26936 --- [    Test worker] com.zaxxer.hikari.HikariDataSource       : HikariPool-10 - Start completed.
2025-11-30T03:05:27.592Z  WARN 26936 --- [    Test worker] org.hibernate.orm.deprecation            : HHH90000025: H2Dialect does not need to be specified explicitly using 'hibernate.dialect' (remove the property setting and it will be selected by default)
2025-11-30T03:05:27.593Z  INFO 26936 --- [    Test worker] org.hibernate.orm.connections.pooling    : HHH10001005: Database info:
	Database JDBC URL [Connecting through datasource 'HikariDataSource (HikariPool-10)']
	Database driver: undefined/unknown
	Database version: 2.3.232
	Autocommit mode: undefined/unknown
	Isolation level: undefined/unknown
	Minimum pool size: undefined/unknown
	Maximum pool size: undefined/unknown
2025-11-30T03:05:27.941Z  INFO 26936 --- [    Test worker] o.h.e.t.j.p.i.JtaPlatformInitiator       : HHH000489: No JTA platform available (set 'hibernate.transaction.jta.platform' to enable JTA platform integration)
2025-11-30T03:05:28.045Z  INFO 26936 --- [    Test worker] j.LocalContainerEntityManagerFactoryBean : Initialized JPA EntityManagerFactory for persistence unit 'default'
2025-11-30T03:05:29.575Z  INFO 26936 --- [    Test worker] o.s.b.a.w.s.WelcomePageHandlerMapping    : Adding welcome page: class path resource [static/index.html]
2025-11-30T03:05:30.127Z  INFO 26936 --- [    Test worker] r$InitializeUserDetailsManagerConfigurer : Global AuthenticationManager configured with UserDetailsService bean with name customUserDetailsService
2025-11-30T03:05:30.910Z  INFO 26936 --- [    Test worker] o.s.b.t.m.w.SpringBootMockServletContext : Initializing Spring TestDispatcherServlet ''
2025-11-30T03:05:30.911Z  INFO 26936 --- [    Test worker] o.s.t.web.servlet.TestDispatcherServlet  : Initializing Servlet ''
2025-11-30T03:05:30.916Z  INFO 26936 --- [    Test worker] o.s.t.web.servlet.TestDispatcherServlet  : Completed initialization in 4 ms
2025-11-30T03:05:30.953Z  INFO 26936 --- [    Test worker] c.m.l.controller.BookControllerTest      : Started BookControllerTest in 4.973 seconds (process running for 220.065)
2025-11-30T03:05:30.967Z  INFO 26936 --- [    Test worker] c.m.library.config.DatabaseMigration     : Checking for users without userIdentifier...
2025-11-30T03:05:30.987Z DEBUG 26936 --- [    Test worker] c.m.library.config.DatabaseMigration     : Generated userIdentifier for user: librarian (ID: 1)
2025-11-30T03:05:30.992Z DEBUG 26936 --- [    Test worker] c.m.library.config.DatabaseMigration     : Generated userIdentifier for user: testuser (ID: 2)
2025-11-30T03:05:30.993Z  INFO 26936 --- [    Test worker] c.m.library.config.DatabaseMigration     : Migration complete: Generated userIdentifier for 2 users
]]></system-out>
  <system-err><![CDATA[]]></system-err>
</testsuite>
