<?xml version="1.0" encoding="UTF-8"?>
<testsuite name="com.muczynski.library.ui.ApplyForCardUITest" tests="1" skipped="0" failures="1" errors="0" timestamp="2025-11-30T03:06:36.408Z" hostname="cs-913025961294-default" time="6.142">
  <properties/>
  <testcase name="testApplyForLibraryCard()" classname="com.muczynski.library.ui.ApplyForCardUITest" time="6.142">
    <failure message="org.opentest4j.AssertionFailedError: Locator expected to be visible&#10;Call log:&#10;  - Assert &quot;isVisible&quot; with timeout 5000ms&#10;  - waiting for locator(&quot;[data-test='apply-error']&quot;)&#10;    9 × locator resolved to &lt;div id=&quot;apply-error&quot; data-test=&quot;apply-error&quot; class=&quot;alert alert-danger mt-3&quot;&gt;&lt;/div&gt;&#10;      - unexpected value &quot;hidden&quot;" type="org.opentest4j.AssertionFailedError">org.opentest4j.AssertionFailedError: Locator expected to be visible
Call log:
  - Assert &quot;isVisible&quot; with timeout 5000ms
  - waiting for locator(&quot;[data-test='apply-error']&quot;)
    9 × locator resolved to &lt;div id=&quot;apply-error&quot; data-test=&quot;apply-error&quot; class=&quot;alert alert-danger mt-3&quot;&gt;&lt;/div&gt;
      - unexpected value &quot;hidden&quot;
	at app//com.microsoft.playwright.impl.AssertionsBase.expectImpl(AssertionsBase.java:69)
	at app//com.microsoft.playwright.impl.AssertionsBase.expectImpl(AssertionsBase.java:47)
	at app//com.microsoft.playwright.impl.LocatorAssertionsImpl.expectTrue(LocatorAssertionsImpl.java:471)
	at app//com.microsoft.playwright.impl.LocatorAssertionsImpl.isVisible(LocatorAssertionsImpl.java:466)
	at app//com.microsoft.playwright.assertions.LocatorAssertions.isVisible(LocatorAssertions.java:845)
	at app//com.muczynski.library.ui.ApplyForCardUITest.testApplyForLibraryCard(ApplyForCardUITest.java:70)
	at java.base@17.0.16/java.lang.reflect.Method.invoke(Method.java:569)
	at java.base@17.0.16/java.util.ArrayList.forEach(ArrayList.java:1511)
	at java.base@17.0.16/java.util.ArrayList.forEach(ArrayList.java:1511)
</failure>
  </testcase>
  <system-out><![CDATA[
  .   ____          _            __ _ _
 /\\ / ___'_ __ _ _(_)_ __  __ _ \ \ \ \
( ( )\___ | '_ | '_| | '_ \/ _` | \ \ \ \
 \\/  ___)| |_)| | | | | || (_| |  ) ) ) )
  '  |____| .__|_| |_|_| |_\__, | / / / /
 =========|_|==============|___/=/_/_/_/

 :: Spring Boot ::                (v3.5.8)

2025-11-30T03:06:33.484Z  INFO 26936 --- [    Test worker] c.m.library.ui.ApplyForCardUITest        : Starting ApplyForCardUITest using Java 17.0.16 with PID 26936 (started by johnstosh in /home/johnstosh/library)
2025-11-30T03:06:33.485Z DEBUG 26936 --- [    Test worker] c.m.library.ui.ApplyForCardUITest        : Running with Spring Boot v3.5.8, Spring v6.2.14
2025-11-30T03:06:33.488Z  INFO 26936 --- [    Test worker] c.m.library.ui.ApplyForCardUITest        : The following 1 profile is active: "test"
2025-11-30T03:06:33.766Z  INFO 26936 --- [    Test worker] .s.d.r.c.RepositoryConfigurationDelegate : Bootstrapping Spring Data JPA repositories in DEFAULT mode.
2025-11-30T03:06:33.791Z  INFO 26936 --- [    Test worker] .s.d.r.c.RepositoryConfigurationDelegate : Finished Spring Data repository scanning in 20 ms. Found 9 JPA repository interfaces.
2025-11-30T03:06:33.935Z  INFO 26936 --- [    Test worker] o.s.b.w.embedded.tomcat.TomcatWebServer  : Tomcat initialized with port 0 (http)
2025-11-30T03:06:33.937Z  INFO 26936 --- [    Test worker] o.apache.catalina.core.StandardService   : Starting service [Tomcat]
2025-11-30T03:06:33.938Z  INFO 26936 --- [    Test worker] o.apache.catalina.core.StandardEngine    : Starting Servlet engine: [Apache Tomcat/10.1.49]
2025-11-30T03:06:33.968Z  INFO 26936 --- [    Test worker] o.a.c.c.C.[Tomcat].[localhost].[/]       : Initializing Spring embedded WebApplicationContext
2025-11-30T03:06:33.969Z  INFO 26936 --- [    Test worker] w.s.c.ServletWebServerApplicationContext : Root WebApplicationContext: initialization completed in 479 ms
2025-11-30T03:06:34.046Z  INFO 26936 --- [    Test worker] o.hibernate.jpa.internal.util.LogHelper  : HHH000204: Processing PersistenceUnitInfo [name: default]
2025-11-30T03:06:34.050Z  INFO 26936 --- [    Test worker] o.h.c.internal.RegionFactoryInitiator    : HHH000026: Second-level cache disabled
2025-11-30T03:06:34.059Z  INFO 26936 --- [    Test worker] o.s.o.j.p.SpringPersistenceUnitInfo      : No LoadTimeWeaver setup: ignoring JPA class transformer
2025-11-30T03:06:34.061Z  INFO 26936 --- [    Test worker] com.zaxxer.hikari.HikariDataSource       : HikariPool-33 - Starting...
2025-11-30T03:06:34.064Z  INFO 26936 --- [    Test worker] com.zaxxer.hikari.pool.HikariPool        : HikariPool-33 - Added connection conn320: url=jdbc:h2:mem:testdb user=SA
2025-11-30T03:06:34.065Z  INFO 26936 --- [    Test worker] com.zaxxer.hikari.HikariDataSource       : HikariPool-33 - Start completed.
2025-11-30T03:06:34.065Z  WARN 26936 --- [    Test worker] org.hibernate.orm.deprecation            : HHH90000025: H2Dialect does not need to be specified explicitly using 'hibernate.dialect' (remove the property setting and it will be selected by default)
2025-11-30T03:06:34.066Z  INFO 26936 --- [    Test worker] org.hibernate.orm.connections.pooling    : HHH10001005: Database info:
	Database JDBC URL [Connecting through datasource 'HikariDataSource (HikariPool-33)']
	Database driver: undefined/unknown
	Database version: 2.3.232
	Autocommit mode: undefined/unknown
	Isolation level: undefined/unknown
	Minimum pool size: undefined/unknown
	Maximum pool size: undefined/unknown
2025-11-30T03:06:34.203Z  INFO 26936 --- [    Test worker] o.h.e.t.j.p.i.JtaPlatformInitiator       : HHH000489: No JTA platform available (set 'hibernate.transaction.jta.platform' to enable JTA platform integration)
2025-11-30T03:06:34.227Z  INFO 26936 --- [    Test worker] j.LocalContainerEntityManagerFactoryBean : Initialized JPA EntityManagerFactory for persistence unit 'default'
2025-11-30T03:06:34.627Z  INFO 26936 --- [    Test worker] o.s.b.a.w.s.WelcomePageHandlerMapping    : Adding welcome page: class path resource [static/index.html]
2025-11-30T03:06:34.716Z  INFO 26936 --- [    Test worker] r$InitializeUserDetailsManagerConfigurer : Global AuthenticationManager configured with UserDetailsService bean with name customUserDetailsService
2025-11-30T03:06:35.269Z  INFO 26936 --- [    Test worker] o.s.b.w.embedded.tomcat.TomcatWebServer  : Tomcat started on port 33545 (http) with context path '/'
2025-11-30T03:06:35.281Z  INFO 26936 --- [    Test worker] c.m.library.ui.ApplyForCardUITest        : Started ApplyForCardUITest in 1.849 seconds (process running for 284.393)
2025-11-30T03:06:35.294Z  INFO 26936 --- [    Test worker] c.m.library.config.DatabaseMigration     : Checking for users without userIdentifier...
2025-11-30T03:06:35.305Z DEBUG 26936 --- [    Test worker] c.m.library.config.DatabaseMigration     : Generated userIdentifier for user: librarian (ID: 1)
2025-11-30T03:06:35.306Z DEBUG 26936 --- [    Test worker] c.m.library.config.DatabaseMigration     : Generated userIdentifier for user: testuser (ID: 2)
2025-11-30T03:06:35.306Z  INFO 26936 --- [    Test worker] c.m.library.config.DatabaseMigration     : Migration complete: Generated userIdentifier for 2 users
2025-11-30T03:06:35.319Z  INFO 26936 --- [    Test worker] c.m.library.service.PhotoService         : Checksum migration: No photos without checksum found
2025-11-30T03:06:36.584Z  INFO 26936 --- [o-auto-8-exec-1] o.a.c.c.C.[Tomcat].[localhost].[/]       : Initializing Spring DispatcherServlet 'dispatcherServlet'
2025-11-30T03:06:36.584Z  INFO 26936 --- [o-auto-8-exec-1] o.s.web.servlet.DispatcherServlet        : Initializing Servlet 'dispatcherServlet'
2025-11-30T03:06:36.587Z  INFO 26936 --- [o-auto-8-exec-1] o.s.web.servlet.DispatcherServlet        : Completed initialization in 2 ms
2025-11-30T03:06:37.107Z  INFO 26936 --- [o-auto-8-exec-3] c.m.l.c.GlobalPropertiesController       : Checking test data page visibility property
2025-11-30T03:06:42.531Z  INFO 26936 --- [    Test worker] o.s.b.w.e.tomcat.GracefulShutdown        : Commencing graceful shutdown. Waiting for active requests to complete
2025-11-30T03:06:42.536Z  INFO 26936 --- [tomcat-shutdown] o.s.b.w.e.tomcat.GracefulShutdown        : Graceful shutdown complete
2025-11-30T03:06:42.540Z  INFO 26936 --- [    Test worker] j.LocalContainerEntityManagerFactoryBean : Closing JPA EntityManagerFactory for persistence unit 'default'
2025-11-30T03:06:42.544Z  INFO 26936 --- [    Test worker] com.zaxxer.hikari.HikariDataSource       : HikariPool-33 - Shutdown initiated...
2025-11-30T03:06:42.545Z  INFO 26936 --- [    Test worker] com.zaxxer.hikari.HikariDataSource       : HikariPool-33 - Shutdown completed.
]]></system-out>
  <system-err><![CDATA[]]></system-err>
</testsuite>
