<?xml version="1.0" encoding="UTF-8"?>
<testsuite name="com.muczynski.library.controller.LibraryControllerTest" tests="5" skipped="0" failures="0" errors="0" timestamp="2025-11-30T03:05:51.130Z" hostname="cs-913025961294-default" time="0.101">
  <properties/>
  <testcase name="createLibrary()" classname="com.muczynski.library.controller.LibraryControllerTest" time="0.023"/>
  <testcase name="updateLibrary()" classname="com.muczynski.library.controller.LibraryControllerTest" time="0.015"/>
  <testcase name="getLibraryById()" classname="com.muczynski.library.controller.LibraryControllerTest" time="0.013"/>
  <testcase name="getAllLibraries()" classname="com.muczynski.library.controller.LibraryControllerTest" time="0.018"/>
  <testcase name="deleteLibrary()" classname="com.muczynski.library.controller.LibraryControllerTest" time="0.024"/>
  <system-out><![CDATA[2025-11-30T03:05:49.103Z  INFO 26936 --- [    Test worker] t.c.s.AnnotationConfigContextLoaderUtils : Could not detect default configuration classes for test class [com.muczynski.library.controller.LibraryControllerTest]: LibraryControllerTest does not declare any static, non-private, non-final, nested classes annotated with @Configuration.
2025-11-30T03:05:49.107Z  INFO 26936 --- [    Test worker] .b.t.c.SpringBootTestContextBootstrapper : Found @SpringBootConfiguration com.muczynski.library.LibraryApplication for test class com.muczynski.library.controller.LibraryControllerTest

  .   ____          _            __ _ _
 /\\ / ___'_ __ _ _(_)_ __  __ _ \ \ \ \
( ( )\___ | '_ | '_| | '_ \/ _` | \ \ \ \
 \\/  ___)| |_)| | | | | || (_| |  ) ) ) )
  '  |____| .__|_| |_|_| |_\__, | / / / /
 =========|_|==============|___/=/_/_/_/

 :: Spring Boot ::                (v3.5.8)

2025-11-30T03:05:49.143Z  INFO 26936 --- [    Test worker] c.m.l.controller.LibraryControllerTest   : Starting LibraryControllerTest using Java 17.0.16 with PID 26936 (started by johnstosh in /home/johnstosh/library)
2025-11-30T03:05:49.144Z DEBUG 26936 --- [    Test worker] c.m.l.controller.LibraryControllerTest   : Running with Spring Boot v3.5.8, Spring v6.2.14
2025-11-30T03:05:49.144Z  INFO 26936 --- [    Test worker] c.m.l.controller.LibraryControllerTest   : The following 1 profile is active: "test"
2025-11-30T03:05:49.455Z  INFO 26936 --- [    Test worker] .s.d.r.c.RepositoryConfigurationDelegate : Bootstrapping Spring Data JPA repositories in DEFAULT mode.
2025-11-30T03:05:49.488Z  INFO 26936 --- [    Test worker] .s.d.r.c.RepositoryConfigurationDelegate : Finished Spring Data repository scanning in 30 ms. Found 9 JPA repository interfaces.
2025-11-30T03:05:49.842Z  INFO 26936 --- [    Test worker] o.hibernate.jpa.internal.util.LogHelper  : HHH000204: Processing PersistenceUnitInfo [name: default]
2025-11-30T03:05:49.847Z  INFO 26936 --- [    Test worker] o.h.c.internal.RegionFactoryInitiator    : HHH000026: Second-level cache disabled
2025-11-30T03:05:49.858Z  INFO 26936 --- [    Test worker] o.s.o.j.p.SpringPersistenceUnitInfo      : No LoadTimeWeaver setup: ignoring JPA class transformer
2025-11-30T03:05:49.860Z  INFO 26936 --- [    Test worker] com.zaxxer.hikari.HikariDataSource       : HikariPool-15 - Starting...
2025-11-30T03:05:49.861Z  INFO 26936 --- [    Test worker] com.zaxxer.hikari.pool.HikariPool        : HikariPool-15 - Added connection conn140: url=jdbc:h2:mem:testdb user=SA
2025-11-30T03:05:49.861Z  INFO 26936 --- [    Test worker] com.zaxxer.hikari.HikariDataSource       : HikariPool-15 - Start completed.
2025-11-30T03:05:49.862Z  WARN 26936 --- [    Test worker] org.hibernate.orm.deprecation            : HHH90000025: H2Dialect does not need to be specified explicitly using 'hibernate.dialect' (remove the property setting and it will be selected by default)
2025-11-30T03:05:49.863Z  INFO 26936 --- [    Test worker] org.hibernate.orm.connections.pooling    : HHH10001005: Database info:
	Database JDBC URL [Connecting through datasource 'HikariDataSource (HikariPool-15)']
	Database driver: undefined/unknown
	Database version: 2.3.232
	Autocommit mode: undefined/unknown
	Isolation level: undefined/unknown
	Minimum pool size: undefined/unknown
	Maximum pool size: undefined/unknown
2025-11-30T03:05:50.084Z  INFO 26936 --- [    Test worker] o.h.e.t.j.p.i.JtaPlatformInitiator       : HHH000489: No JTA platform available (set 'hibernate.transaction.jta.platform' to enable JTA platform integration)
2025-11-30T03:05:50.121Z  INFO 26936 --- [    Test worker] j.LocalContainerEntityManagerFactoryBean : Initialized JPA EntityManagerFactory for persistence unit 'default'
2025-11-30T03:05:50.627Z  INFO 26936 --- [    Test worker] o.s.b.a.w.s.WelcomePageHandlerMapping    : Adding welcome page: class path resource [static/index.html]
2025-11-30T03:05:50.742Z  INFO 26936 --- [    Test worker] r$InitializeUserDetailsManagerConfigurer : Global AuthenticationManager configured with UserDetailsService bean with name customUserDetailsService
2025-11-30T03:05:51.061Z  INFO 26936 --- [    Test worker] o.s.b.t.m.w.SpringBootMockServletContext : Initializing Spring TestDispatcherServlet ''
2025-11-30T03:05:51.061Z  INFO 26936 --- [    Test worker] o.s.t.web.servlet.TestDispatcherServlet  : Initializing Servlet ''
2025-11-30T03:05:51.063Z  INFO 26936 --- [    Test worker] o.s.t.web.servlet.TestDispatcherServlet  : Completed initialization in 2 ms
2025-11-30T03:05:51.080Z  INFO 26936 --- [    Test worker] c.m.l.controller.LibraryControllerTest   : Started LibraryControllerTest in 1.968 seconds (process running for 240.192)
2025-11-30T03:05:51.089Z  INFO 26936 --- [    Test worker] c.m.library.config.DatabaseMigration     : Checking for users without userIdentifier...
2025-11-30T03:05:51.105Z DEBUG 26936 --- [    Test worker] c.m.library.config.DatabaseMigration     : Generated userIdentifier for user: librarian (ID: 1)
2025-11-30T03:05:51.107Z DEBUG 26936 --- [    Test worker] c.m.library.config.DatabaseMigration     : Generated userIdentifier for user: testuser (ID: 2)
2025-11-30T03:05:51.107Z  INFO 26936 --- [    Test worker] c.m.library.config.DatabaseMigration     : Migration complete: Generated userIdentifier for 2 users
2025-11-30T03:05:51.116Z  INFO 26936 --- [    Test worker] c.m.library.service.PhotoService         : Checksum migration: No photos without checksum found
]]></system-out>
  <system-err><![CDATA[]]></system-err>
</testsuite>
