<?xml version="1.0" encoding="UTF-8"?>
<testsuite name="com.muczynski.library.ui.LoansUITest" tests="2" skipped="0" failures="2" errors="0" timestamp="2025-11-30T03:14:15.982Z" hostname="cs-913025961294-default" time="42.884">
  <properties/>
  <testcase name="testLoansCRUD()" classname="com.muczynski.library.ui.LoansUITest" time="21.031">
    <failure message="com.microsoft.playwright.TimeoutError: Timeout 20000ms exceeded" type="com.microsoft.playwright.TimeoutError">com.microsoft.playwright.TimeoutError: Timeout 20000ms exceeded
	at app//com.microsoft.playwright.impl.WaitableTimeout.get(WaitableTimeout.java:41)
	at app//com.microsoft.playwright.impl.WaitableRace.get(WaitableRace.java:46)
	at app//com.microsoft.playwright.impl.ChannelOwner.runUntil(ChannelOwner.java:138)
	at app//com.microsoft.playwright.impl.FrameImpl.waitForLoadStateImpl(FrameImpl.java:835)
	at app//com.microsoft.playwright.impl.FrameImpl.waitForLoadStateImpl(FrameImpl.java:820)
	at app//com.microsoft.playwright.impl.PageImpl.lambda$waitForLoadState$11(PageImpl.java:1399)
	at app//com.microsoft.playwright.impl.WaitForEventLogger.get(WaitForEventLogger.java:49)
	at app//com.microsoft.playwright.impl.ChannelOwner.withWaitLogging(ChannelOwner.java:84)
	at app//com.microsoft.playwright.impl.PageImpl.lambda$waitForLoadState$12(PageImpl.java:1398)
	at app//com.microsoft.playwright.impl.ChannelOwner.lambda$withTitle$0(ChannelOwner.java:90)
	at app//com.microsoft.playwright.impl.ChannelOwner.withTitle(ChannelOwner.java:98)
	at app//com.microsoft.playwright.impl.ChannelOwner.withTitle(ChannelOwner.java:89)
	at app//com.microsoft.playwright.impl.PageImpl.waitForLoadState(PageImpl.java:1397)
	at app//com.muczynski.library.ui.LoansUITest.login(LoansUITest.java:77)
	at app//com.muczynski.library.ui.LoansUITest.testLoansCRUD(LoansUITest.java:126)
	at java.base@17.0.16/java.lang.reflect.Method.invoke(Method.java:569)
	at java.base@17.0.16/java.util.ArrayList.forEach(ArrayList.java:1511)
	at java.base@17.0.16/java.util.ArrayList.forEach(ArrayList.java:1511)
</failure>
  </testcase>
  <testcase name="testDefaultLoanDates()" classname="com.muczynski.library.ui.LoansUITest" time="21.853">
    <failure message="com.microsoft.playwright.TimeoutError: Timeout 20000ms exceeded" type="com.microsoft.playwright.TimeoutError">com.microsoft.playwright.TimeoutError: Timeout 20000ms exceeded
	at app//com.microsoft.playwright.impl.WaitableTimeout.get(WaitableTimeout.java:41)
	at app//com.microsoft.playwright.impl.WaitableRace.get(WaitableRace.java:46)
	at app//com.microsoft.playwright.impl.ChannelOwner.runUntil(ChannelOwner.java:138)
	at app//com.microsoft.playwright.impl.FrameImpl.waitForLoadStateImpl(FrameImpl.java:835)
	at app//com.microsoft.playwright.impl.FrameImpl.waitForLoadStateImpl(FrameImpl.java:820)
	at app//com.microsoft.playwright.impl.PageImpl.lambda$waitForLoadState$11(PageImpl.java:1399)
	at app//com.microsoft.playwright.impl.WaitForEventLogger.get(WaitForEventLogger.java:49)
	at app//com.microsoft.playwright.impl.ChannelOwner.withWaitLogging(ChannelOwner.java:84)
	at app//com.microsoft.playwright.impl.PageImpl.lambda$waitForLoadState$12(PageImpl.java:1398)
	at app//com.microsoft.playwright.impl.ChannelOwner.lambda$withTitle$0(ChannelOwner.java:90)
	at app//com.microsoft.playwright.impl.ChannelOwner.withTitle(ChannelOwner.java:98)
	at app//com.microsoft.playwright.impl.ChannelOwner.withTitle(ChannelOwner.java:89)
	at app//com.microsoft.playwright.impl.PageImpl.waitForLoadState(PageImpl.java:1397)
	at app//com.muczynski.library.ui.LoansUITest.login(LoansUITest.java:77)
	at app//com.muczynski.library.ui.LoansUITest.testDefaultLoanDates(LoansUITest.java:253)
	at java.base@17.0.16/java.lang.reflect.Method.invoke(Method.java:569)
	at java.base@17.0.16/java.util.ArrayList.forEach(ArrayList.java:1511)
	at java.base@17.0.16/java.util.ArrayList.forEach(ArrayList.java:1511)
</failure>
  </testcase>
  <system-out><![CDATA[
  .   ____          _            __ _ _
 /\\ / ___'_ __ _ _(_)_ __  __ _ \ \ \ \
( ( )\___ | '_ | '_| | '_ \/ _` | \ \ \ \
 \\/  ___)| |_)| | | | | || (_| |  ) ) ) )
  '  |____| .__|_| |_|_| |_\__, | / / / /
 =========|_|==============|___/=/_/_/_/

 :: Spring Boot ::                (v3.5.8)

2025-11-30T03:14:14.487Z  INFO 26936 --- [    Test worker] com.muczynski.library.ui.LoansUITest     : Starting LoansUITest using Java 17.0.16 with PID 26936 (started by johnstosh in /home/johnstosh/library)
2025-11-30T03:14:14.487Z DEBUG 26936 --- [    Test worker] com.muczynski.library.ui.LoansUITest     : Running with Spring Boot v3.5.8, Spring v6.2.14
2025-11-30T03:14:14.488Z  INFO 26936 --- [    Test worker] com.muczynski.library.ui.LoansUITest     : The following 1 profile is active: "test"
2025-11-30T03:14:14.630Z  INFO 26936 --- [    Test worker] .s.d.r.c.RepositoryConfigurationDelegate : Bootstrapping Spring Data JPA repositories in DEFAULT mode.
2025-11-30T03:14:14.649Z  INFO 26936 --- [    Test worker] .s.d.r.c.RepositoryConfigurationDelegate : Finished Spring Data repository scanning in 18 ms. Found 9 JPA repository interfaces.
2025-11-30T03:14:14.726Z  INFO 26936 --- [    Test worker] o.s.b.w.embedded.tomcat.TomcatWebServer  : Tomcat initialized with port 0 (http)
2025-11-30T03:14:14.727Z  INFO 26936 --- [    Test worker] o.apache.catalina.core.StandardService   : Starting service [Tomcat]
2025-11-30T03:14:14.727Z  INFO 26936 --- [    Test worker] o.apache.catalina.core.StandardEngine    : Starting Servlet engine: [Apache Tomcat/10.1.49]
2025-11-30T03:14:14.740Z  INFO 26936 --- [    Test worker] o.a.c.c.C.[Tomcat-1].[localhost].[/]     : Initializing Spring embedded WebApplicationContext
2025-11-30T03:14:14.740Z  INFO 26936 --- [    Test worker] w.s.c.ServletWebServerApplicationContext : Root WebApplicationContext: initialization completed in 252 ms
2025-11-30T03:14:14.777Z  INFO 26936 --- [    Test worker] o.hibernate.jpa.internal.util.LogHelper  : HHH000204: Processing PersistenceUnitInfo [name: default]
2025-11-30T03:14:14.781Z  INFO 26936 --- [    Test worker] o.h.c.internal.RegionFactoryInitiator    : HHH000026: Second-level cache disabled
2025-11-30T03:14:14.790Z  INFO 26936 --- [    Test worker] o.s.o.j.p.SpringPersistenceUnitInfo      : No LoadTimeWeaver setup: ignoring JPA class transformer
2025-11-30T03:14:14.791Z  INFO 26936 --- [    Test worker] com.zaxxer.hikari.HikariDataSource       : HikariPool-55 - Starting...
2025-11-30T03:14:14.792Z  INFO 26936 --- [    Test worker] com.zaxxer.hikari.pool.HikariPool        : HikariPool-55 - Added connection conn540: url=jdbc:h2:mem:testdb user=SA
2025-11-30T03:14:14.792Z  INFO 26936 --- [    Test worker] com.zaxxer.hikari.HikariDataSource       : HikariPool-55 - Start completed.
2025-11-30T03:14:14.792Z  WARN 26936 --- [    Test worker] org.hibernate.orm.deprecation            : HHH90000025: H2Dialect does not need to be specified explicitly using 'hibernate.dialect' (remove the property setting and it will be selected by default)
2025-11-30T03:14:14.793Z  INFO 26936 --- [    Test worker] org.hibernate.orm.connections.pooling    : HHH10001005: Database info:
	Database JDBC URL [Connecting through datasource 'HikariDataSource (HikariPool-55)']
	Database driver: undefined/unknown
	Database version: 2.3.232
	Autocommit mode: undefined/unknown
	Isolation level: undefined/unknown
	Minimum pool size: undefined/unknown
	Maximum pool size: undefined/unknown
2025-11-30T03:14:14.866Z  INFO 26936 --- [    Test worker] o.h.e.t.j.p.i.JtaPlatformInitiator       : HHH000489: No JTA platform available (set 'hibernate.transaction.jta.platform' to enable JTA platform integration)
2025-11-30T03:14:14.875Z  INFO 26936 --- [    Test worker] j.LocalContainerEntityManagerFactoryBean : Initialized JPA EntityManagerFactory for persistence unit 'default'
2025-11-30T03:14:15.184Z  INFO 26936 --- [    Test worker] o.s.b.a.w.s.WelcomePageHandlerMapping    : Adding welcome page: class path resource [static/index.html]
2025-11-30T03:14:15.274Z  INFO 26936 --- [    Test worker] r$InitializeUserDetailsManagerConfigurer : Global AuthenticationManager configured with UserDetailsService bean with name customUserDetailsService
2025-11-30T03:14:15.401Z  INFO 26936 --- [    Test worker] o.s.b.w.embedded.tomcat.TomcatWebServer  : Tomcat started on port 34003 (http) with context path '/'
2025-11-30T03:14:15.405Z  INFO 26936 --- [    Test worker] com.muczynski.library.ui.LoansUITest     : Started LoansUITest in 0.933 seconds (process running for 744.517)
2025-11-30T03:14:15.409Z  INFO 26936 --- [    Test worker] c.m.library.config.DatabaseMigration     : Checking for users without userIdentifier...
2025-11-30T03:14:15.412Z DEBUG 26936 --- [    Test worker] c.m.library.config.DatabaseMigration     : Generated userIdentifier for user: librarian (ID: 1)
2025-11-30T03:14:15.412Z DEBUG 26936 --- [    Test worker] c.m.library.config.DatabaseMigration     : Generated userIdentifier for user: testuser (ID: 2)
2025-11-30T03:14:15.412Z  INFO 26936 --- [    Test worker] c.m.library.config.DatabaseMigration     : Migration complete: Generated userIdentifier for 2 users
2025-11-30T03:14:15.416Z  INFO 26936 --- [    Test worker] c.m.library.service.PhotoService         : Checksum migration: No photos without checksum found
2025-11-30T03:14:16.071Z  INFO 26936 --- [-auto-30-exec-1] o.a.c.c.C.[Tomcat-1].[localhost].[/]     : Initializing Spring DispatcherServlet 'dispatcherServlet'
2025-11-30T03:14:16.071Z  INFO 26936 --- [-auto-30-exec-1] o.s.web.servlet.DispatcherServlet        : Initializing Servlet 'dispatcherServlet'
2025-11-30T03:14:16.072Z  INFO 26936 --- [-auto-30-exec-1] o.s.web.servlet.DispatcherServlet        : Completed initialization in 1 ms
2025-11-30T03:14:16.297Z  INFO 26936 --- [-auto-30-exec-7] c.m.l.c.GlobalPropertiesController       : Checking test data page visibility property
2025-11-30T03:14:16.455Z  INFO 26936 --- [-auto-30-exec-2] c.m.l.c.GlobalPropertiesController       : Checking test data page visibility property
2025-11-30T03:14:16.581Z  INFO 26936 --- [auto-30-exec-10] c.m.l.c.GlobalSettingsController         : Checking SSO configuration status
2025-11-30T03:14:16.581Z DEBUG 26936 --- [auto-30-exec-10] c.m.l.service.GlobalSettingsService      : Fetching global settings DTO
2025-11-30T03:14:16.581Z DEBUG 26936 --- [auto-30-exec-10] c.m.l.service.GlobalSettingsService      : Fetching global settings
2025-11-30T03:14:16.583Z  INFO 26936 --- [auto-30-exec-10] c.m.l.service.GlobalSettingsService      : No global settings found, creating default settings
2025-11-30T03:14:16.585Z DEBUG 26936 --- [auto-30-exec-10] c.m.l.service.GlobalSettingsService      : Fetching global settings
2025-11-30T03:14:16.586Z  WARN 26936 --- [auto-30-exec-10] c.m.l.service.GlobalSettingsService      : No Client Secret configured in database or environment variable
2025-11-30T03:14:16.586Z DEBUG 26936 --- [auto-30-exec-10] c.m.l.service.GlobalSettingsService      : Fetching global settings
2025-11-30T03:14:16.587Z DEBUG 26936 --- [auto-30-exec-10] c.m.l.service.GlobalSettingsService      : No SSO Client ID configured
2025-11-30T03:14:16.587Z DEBUG 26936 --- [auto-30-exec-10] c.m.l.service.GlobalSettingsService      : Fetching global settings
2025-11-30T03:14:16.591Z DEBUG 26936 --- [auto-30-exec-10] c.m.l.service.GlobalSettingsService      : No SSO Client Secret configured
2025-11-30T03:14:16.610Z  INFO 26936 --- [-auto-30-exec-1] c.m.l.c.GlobalPropertiesController       : Checking test data page visibility property
2025-11-30T03:14:17.205Z  INFO 26936 --- [-auto-30-exec-9] c.m.l.c.GlobalSettingsController         : Checking SSO configuration status
2025-11-30T03:14:17.205Z DEBUG 26936 --- [-auto-30-exec-9] c.m.l.service.GlobalSettingsService      : Fetching global settings DTO
2025-11-30T03:14:17.205Z DEBUG 26936 --- [-auto-30-exec-9] c.m.l.service.GlobalSettingsService      : Fetching global settings
2025-11-30T03:14:17.206Z DEBUG 26936 --- [-auto-30-exec-9] c.m.l.service.GlobalSettingsService      : Fetching global settings
2025-11-30T03:14:17.208Z  WARN 26936 --- [-auto-30-exec-9] c.m.l.service.GlobalSettingsService      : No Client Secret configured in database or environment variable
2025-11-30T03:14:17.208Z DEBUG 26936 --- [-auto-30-exec-9] c.m.l.service.GlobalSettingsService      : Fetching global settings
2025-11-30T03:14:17.209Z DEBUG 26936 --- [-auto-30-exec-9] c.m.l.service.GlobalSettingsService      : No SSO Client ID configured
2025-11-30T03:14:17.209Z DEBUG 26936 --- [-auto-30-exec-9] c.m.l.service.GlobalSettingsService      : Fetching global settings
2025-11-30T03:14:17.209Z DEBUG 26936 --- [-auto-30-exec-9] c.m.l.service.GlobalSettingsService      : No SSO Client Secret configured
2025-11-30T03:14:17.218Z  INFO 26936 --- [-auto-30-exec-6] c.m.l.c.GlobalPropertiesController       : Checking test data page visibility property
2025-11-30T03:14:36.999Z  INFO 26936 --- [    Test worker] o.s.b.w.e.tomcat.GracefulShutdown        : Commencing graceful shutdown. Waiting for active requests to complete
2025-11-30T03:14:37.000Z  INFO 26936 --- [tomcat-shutdown] o.s.b.w.e.tomcat.GracefulShutdown        : Graceful shutdown complete
2025-11-30T03:14:37.005Z  INFO 26936 --- [    Test worker] j.LocalContainerEntityManagerFactoryBean : Closing JPA EntityManagerFactory for persistence unit 'default'
2025-11-30T03:14:37.007Z  INFO 26936 --- [    Test worker] com.zaxxer.hikari.HikariDataSource       : HikariPool-55 - Shutdown initiated...
2025-11-30T03:14:37.009Z  INFO 26936 --- [    Test worker] com.zaxxer.hikari.HikariDataSource       : HikariPool-55 - Shutdown completed.

  .   ____          _            __ _ _
 /\\ / ___'_ __ _ _(_)_ __  __ _ \ \ \ \
( ( )\___ | '_ | '_| | '_ \/ _` | \ \ \ \
 \\/  ___)| |_)| | | | | || (_| |  ) ) ) )
  '  |____| .__|_| |_|_| |_\__, | / / / /
 =========|_|==============|___/=/_/_/_/

 :: Spring Boot ::                (v3.5.8)

2025-11-30T03:14:37.037Z  INFO 26936 --- [    Test worker] com.muczynski.library.ui.LoansUITest     : Starting LoansUITest using Java 17.0.16 with PID 26936 (started by johnstosh in /home/johnstosh/library)
2025-11-30T03:14:37.038Z DEBUG 26936 --- [    Test worker] com.muczynski.library.ui.LoansUITest     : Running with Spring Boot v3.5.8, Spring v6.2.14
2025-11-30T03:14:37.038Z  INFO 26936 --- [    Test worker] com.muczynski.library.ui.LoansUITest     : The following 1 profile is active: "test"
2025-11-30T03:14:37.160Z  INFO 26936 --- [    Test worker] .s.d.r.c.RepositoryConfigurationDelegate : Bootstrapping Spring Data JPA repositories in DEFAULT mode.
2025-11-30T03:14:37.181Z  INFO 26936 --- [    Test worker] .s.d.r.c.RepositoryConfigurationDelegate : Finished Spring Data repository scanning in 18 ms. Found 9 JPA repository interfaces.
2025-11-30T03:14:37.278Z  INFO 26936 --- [    Test worker] o.s.b.w.embedded.tomcat.TomcatWebServer  : Tomcat initialized with port 0 (http)
2025-11-30T03:14:37.279Z  INFO 26936 --- [    Test worker] o.apache.catalina.core.StandardService   : Starting service [Tomcat]
2025-11-30T03:14:37.279Z  INFO 26936 --- [    Test worker] o.apache.catalina.core.StandardEngine    : Starting Servlet engine: [Apache Tomcat/10.1.49]
2025-11-30T03:14:37.292Z  INFO 26936 --- [    Test worker] o.a.c.c.C.[Tomcat-1].[localhost].[/]     : Initializing Spring embedded WebApplicationContext
2025-11-30T03:14:37.292Z  INFO 26936 --- [    Test worker] w.s.c.ServletWebServerApplicationContext : Root WebApplicationContext: initialization completed in 253 ms
2025-11-30T03:14:37.353Z  INFO 26936 --- [    Test worker] o.hibernate.jpa.internal.util.LogHelper  : HHH000204: Processing PersistenceUnitInfo [name: default]
2025-11-30T03:14:37.357Z  INFO 26936 --- [    Test worker] o.h.c.internal.RegionFactoryInitiator    : HHH000026: Second-level cache disabled
2025-11-30T03:14:37.365Z  INFO 26936 --- [    Test worker] o.s.o.j.p.SpringPersistenceUnitInfo      : No LoadTimeWeaver setup: ignoring JPA class transformer
2025-11-30T03:14:37.367Z  INFO 26936 --- [    Test worker] com.zaxxer.hikari.HikariDataSource       : HikariPool-56 - Starting...
2025-11-30T03:14:37.368Z  INFO 26936 --- [    Test worker] com.zaxxer.hikari.pool.HikariPool        : HikariPool-56 - Added connection conn550: url=jdbc:h2:mem:testdb user=SA
2025-11-30T03:14:37.369Z  INFO 26936 --- [    Test worker] com.zaxxer.hikari.HikariDataSource       : HikariPool-56 - Start completed.
2025-11-30T03:14:37.369Z  WARN 26936 --- [    Test worker] org.hibernate.orm.deprecation            : HHH90000025: H2Dialect does not need to be specified explicitly using 'hibernate.dialect' (remove the property setting and it will be selected by default)
2025-11-30T03:14:37.370Z  INFO 26936 --- [    Test worker] org.hibernate.orm.connections.pooling    : HHH10001005: Database info:
	Database JDBC URL [Connecting through datasource 'HikariDataSource (HikariPool-56)']
	Database driver: undefined/unknown
	Database version: 2.3.232
	Autocommit mode: undefined/unknown
	Isolation level: undefined/unknown
	Minimum pool size: undefined/unknown
	Maximum pool size: undefined/unknown
2025-11-30T03:14:37.448Z  INFO 26936 --- [    Test worker] o.h.e.t.j.p.i.JtaPlatformInitiator       : HHH000489: No JTA platform available (set 'hibernate.transaction.jta.platform' to enable JTA platform integration)
2025-11-30T03:14:37.459Z  INFO 26936 --- [    Test worker] j.LocalContainerEntityManagerFactoryBean : Initialized JPA EntityManagerFactory for persistence unit 'default'
2025-11-30T03:14:37.774Z  INFO 26936 --- [    Test worker] o.s.b.a.w.s.WelcomePageHandlerMapping    : Adding welcome page: class path resource [static/index.html]
2025-11-30T03:14:37.840Z  INFO 26936 --- [    Test worker] r$InitializeUserDetailsManagerConfigurer : Global AuthenticationManager configured with UserDetailsService bean with name customUserDetailsService
2025-11-30T03:14:37.952Z  INFO 26936 --- [    Test worker] o.s.b.w.embedded.tomcat.TomcatWebServer  : Tomcat started on port 36693 (http) with context path '/'
2025-11-30T03:14:37.955Z  INFO 26936 --- [    Test worker] com.muczynski.library.ui.LoansUITest     : Started LoansUITest in 0.938 seconds (process running for 767.067)
2025-11-30T03:14:37.959Z  INFO 26936 --- [    Test worker] c.m.library.config.DatabaseMigration     : Checking for users without userIdentifier...
2025-11-30T03:14:37.962Z DEBUG 26936 --- [    Test worker] c.m.library.config.DatabaseMigration     : Generated userIdentifier for user: librarian (ID: 1)
2025-11-30T03:14:37.963Z DEBUG 26936 --- [    Test worker] c.m.library.config.DatabaseMigration     : Generated userIdentifier for user: testuser (ID: 2)
2025-11-30T03:14:37.963Z  INFO 26936 --- [    Test worker] c.m.library.config.DatabaseMigration     : Migration complete: Generated userIdentifier for 2 users
2025-11-30T03:14:37.967Z  INFO 26936 --- [    Test worker] c.m.library.service.PhotoService         : Checksum migration: No photos without checksum found
2025-11-30T03:14:38.029Z  INFO 26936 --- [-auto-31-exec-1] o.a.c.c.C.[Tomcat-1].[localhost].[/]     : Initializing Spring DispatcherServlet 'dispatcherServlet'
2025-11-30T03:14:38.029Z  INFO 26936 --- [-auto-31-exec-1] o.s.web.servlet.DispatcherServlet        : Initializing Servlet 'dispatcherServlet'
2025-11-30T03:14:38.031Z  INFO 26936 --- [-auto-31-exec-1] o.s.web.servlet.DispatcherServlet        : Completed initialization in 2 ms
2025-11-30T03:14:38.235Z  INFO 26936 --- [-auto-31-exec-7] c.m.l.c.GlobalPropertiesController       : Checking test data page visibility property
2025-11-30T03:14:38.384Z  INFO 26936 --- [-auto-31-exec-3] c.m.l.c.GlobalPropertiesController       : Checking test data page visibility property
2025-11-30T03:14:38.476Z  INFO 26936 --- [-auto-31-exec-8] c.m.l.c.GlobalSettingsController         : Checking SSO configuration status
2025-11-30T03:14:38.477Z DEBUG 26936 --- [-auto-31-exec-8] c.m.l.service.GlobalSettingsService      : Fetching global settings DTO
2025-11-30T03:14:38.477Z DEBUG 26936 --- [-auto-31-exec-8] c.m.l.service.GlobalSettingsService      : Fetching global settings
2025-11-30T03:14:38.479Z  INFO 26936 --- [-auto-31-exec-8] c.m.l.service.GlobalSettingsService      : No global settings found, creating default settings
2025-11-30T03:14:38.481Z DEBUG 26936 --- [-auto-31-exec-8] c.m.l.service.GlobalSettingsService      : Fetching global settings
2025-11-30T03:14:38.482Z  WARN 26936 --- [-auto-31-exec-8] c.m.l.service.GlobalSettingsService      : No Client Secret configured in database or environment variable
2025-11-30T03:14:38.482Z DEBUG 26936 --- [-auto-31-exec-8] c.m.l.service.GlobalSettingsService      : Fetching global settings
2025-11-30T03:14:38.483Z DEBUG 26936 --- [-auto-31-exec-8] c.m.l.service.GlobalSettingsService      : No SSO Client ID configured
2025-11-30T03:14:38.483Z DEBUG 26936 --- [-auto-31-exec-8] c.m.l.service.GlobalSettingsService      : Fetching global settings
2025-11-30T03:14:38.484Z DEBUG 26936 --- [-auto-31-exec-8] c.m.l.service.GlobalSettingsService      : No SSO Client Secret configured
2025-11-30T03:14:38.497Z  INFO 26936 --- [auto-31-exec-10] c.m.l.c.GlobalPropertiesController       : Checking test data page visibility property
2025-11-30T03:14:39.074Z  INFO 26936 --- [-auto-31-exec-1] c.m.l.c.GlobalSettingsController         : Checking SSO configuration status
2025-11-30T03:14:39.074Z DEBUG 26936 --- [-auto-31-exec-1] c.m.l.service.GlobalSettingsService      : Fetching global settings DTO
2025-11-30T03:14:39.075Z DEBUG 26936 --- [-auto-31-exec-1] c.m.l.service.GlobalSettingsService      : Fetching global settings
2025-11-30T03:14:39.076Z DEBUG 26936 --- [-auto-31-exec-1] c.m.l.service.GlobalSettingsService      : Fetching global settings
2025-11-30T03:14:39.077Z  WARN 26936 --- [-auto-31-exec-1] c.m.l.service.GlobalSettingsService      : No Client Secret configured in database or environment variable
2025-11-30T03:14:39.077Z DEBUG 26936 --- [-auto-31-exec-1] c.m.l.service.GlobalSettingsService      : Fetching global settings
2025-11-30T03:14:39.078Z DEBUG 26936 --- [-auto-31-exec-1] c.m.l.service.GlobalSettingsService      : No SSO Client ID configured
2025-11-30T03:14:39.078Z DEBUG 26936 --- [-auto-31-exec-1] c.m.l.service.GlobalSettingsService      : Fetching global settings
2025-11-30T03:14:39.078Z DEBUG 26936 --- [-auto-31-exec-1] c.m.l.service.GlobalSettingsService      : No SSO Client Secret configured
2025-11-30T03:14:39.083Z  INFO 26936 --- [-auto-31-exec-9] c.m.l.c.GlobalPropertiesController       : Checking test data page visibility property
2025-11-30T03:14:58.849Z  INFO 26936 --- [    Test worker] o.s.b.w.e.tomcat.GracefulShutdown        : Commencing graceful shutdown. Waiting for active requests to complete
2025-11-30T03:14:58.850Z  INFO 26936 --- [tomcat-shutdown] o.s.b.w.e.tomcat.GracefulShutdown        : Graceful shutdown complete
2025-11-30T03:14:58.857Z  INFO 26936 --- [    Test worker] j.LocalContainerEntityManagerFactoryBean : Closing JPA EntityManagerFactory for persistence unit 'default'
2025-11-30T03:14:58.859Z  INFO 26936 --- [    Test worker] com.zaxxer.hikari.HikariDataSource       : HikariPool-56 - Shutdown initiated...
2025-11-30T03:14:58.862Z  INFO 26936 --- [    Test worker] com.zaxxer.hikari.HikariDataSource       : HikariPool-56 - Shutdown completed.
]]></system-out>
  <system-err><![CDATA[]]></system-err>
</testsuite>
