<?xml version="1.0" encoding="UTF-8"?>
<testsuite name="com.muczynski.library.ui.UsersUITest" tests="1" skipped="0" failures="1" errors="0" timestamp="2025-11-30T03:17:41.914Z" hostname="cs-913025961294-default" time="21.71">
  <properties/>
  <testcase name="testUsersCRUD()" classname="com.muczynski.library.ui.UsersUITest" time="21.71">
    <failure message="com.microsoft.playwright.TimeoutError: Error {&#10;  message='Timeout 20000ms exceeded.&#10;  name='TimeoutError&#10;  stack='TimeoutError: Timeout 20000ms exceeded.&#10;    at ProgressController.run (/tmp/playwright-java-10904177928504858902/package/lib/server/progress.js:68:28)&#10;    at FrameDispatcher._runCommand (/tmp/playwright-java-10904177928504858902/package/lib/server/dispatchers/dispatcher.js:95:31)&#10;    at DispatcherConnection.dispatch (/tmp/playwright-java-10904177928504858902/package/lib/server/dispatchers/dispatcher.js:329:39)&#10;}&#10;Call log:&#10;-   - waiting for locator(&quot;[data-test='main-content']&quot;) to be visible&#10;-     44 × locator resolved to hidden &lt;div id=&quot;main-content&quot; data-test=&quot;main-content&quot;&gt;…&lt;/div&gt;&#10;" type="com.microsoft.playwright.TimeoutError">com.microsoft.playwright.TimeoutError: Error {
  message='Timeout 20000ms exceeded.
  name='TimeoutError
  stack='TimeoutError: Timeout 20000ms exceeded.
    at ProgressController.run (/tmp/playwright-java-10904177928504858902/package/lib/server/progress.js:68:28)
    at FrameDispatcher._runCommand (/tmp/playwright-java-10904177928504858902/package/lib/server/dispatchers/dispatcher.js:95:31)
    at DispatcherConnection.dispatch (/tmp/playwright-java-10904177928504858902/package/lib/server/dispatchers/dispatcher.js:329:39)
}
Call log:
-   - waiting for locator(&quot;[data-test='main-content']&quot;) to be visible
-     44 × locator resolved to hidden &lt;div id=&quot;main-content&quot; data-test=&quot;main-content&quot;&gt;…&lt;/div&gt;

	at app//com.microsoft.playwright.impl.WaitableResult.get(WaitableResult.java:52)
	at app//com.microsoft.playwright.impl.ChannelOwner.runUntil(ChannelOwner.java:138)
	at app//com.microsoft.playwright.impl.Connection.sendMessage(Connection.java:131)
	at app//com.microsoft.playwright.impl.ChannelOwner.sendMessage(ChannelOwner.java:124)
	at app//com.microsoft.playwright.impl.FrameImpl.waitForSelectorImpl(FrameImpl.java:985)
	at app//com.microsoft.playwright.impl.FrameImpl.waitForSelector(FrameImpl.java:975)
	at app//com.microsoft.playwright.impl.PageImpl.waitForSelector(PageImpl.java:1547)
	at app//com.muczynski.library.ui.UsersUITest.login(UsersUITest.java:76)
	at app//com.muczynski.library.ui.UsersUITest.testUsersCRUD(UsersUITest.java:123)
	at java.base@17.0.16/java.lang.reflect.Method.invoke(Method.java:569)
	at java.base@17.0.16/java.util.ArrayList.forEach(ArrayList.java:1511)
	at java.base@17.0.16/java.util.ArrayList.forEach(ArrayList.java:1511)
Caused by: com.microsoft.playwright.TimeoutError: Error {
  message='Timeout 20000ms exceeded.
  name='TimeoutError
  stack='TimeoutError: Timeout 20000ms exceeded.
    at ProgressController.run (/tmp/playwright-java-10904177928504858902/package/lib/server/progress.js:68:28)
    at FrameDispatcher._runCommand (/tmp/playwright-java-10904177928504858902/package/lib/server/dispatchers/dispatcher.js:95:31)
    at DispatcherConnection.dispatch (/tmp/playwright-java-10904177928504858902/package/lib/server/dispatchers/dispatcher.js:329:39)
}
Call log:
-   - waiting for locator(&quot;[data-test='main-content']&quot;) to be visible
-     44 × locator resolved to hidden &lt;div id=&quot;main-content&quot; data-test=&quot;main-content&quot;&gt;…&lt;/div&gt;

	at app//com.microsoft.playwright.impl.Connection.dispatch(Connection.java:257)
	at app//com.microsoft.playwright.impl.Connection.processOneMessage(Connection.java:214)
	at app//com.microsoft.playwright.impl.ChannelOwner.runUntil(ChannelOwner.java:136)
	... 10 more
</failure>
  </testcase>
  <system-out><![CDATA[
  .   ____          _            __ _ _
 /\\ / ___'_ __ _ _(_)_ __  __ _ \ \ \ \
( ( )\___ | '_ | '_| | '_ \/ _` | \ \ \ \
 \\/  ___)| |_)| | | | | || (_| |  ) ) ) )
  '  |____| .__|_| |_|_| |_\__, | / / / /
 =========|_|==============|___/=/_/_/_/

 :: Spring Boot ::                (v3.5.8)

2025-11-30T03:17:40.511Z  INFO 26936 --- [    Test worker] com.muczynski.library.ui.UsersUITest     : Starting UsersUITest using Java 17.0.16 with PID 26936 (started by johnstosh in /home/johnstosh/library)
2025-11-30T03:17:40.511Z DEBUG 26936 --- [    Test worker] com.muczynski.library.ui.UsersUITest     : Running with Spring Boot v3.5.8, Spring v6.2.14
2025-11-30T03:17:40.511Z  INFO 26936 --- [    Test worker] com.muczynski.library.ui.UsersUITest     : The following 1 profile is active: "test"
2025-11-30T03:17:40.633Z  INFO 26936 --- [    Test worker] .s.d.r.c.RepositoryConfigurationDelegate : Bootstrapping Spring Data JPA repositories in DEFAULT mode.
2025-11-30T03:17:40.646Z  INFO 26936 --- [    Test worker] .s.d.r.c.RepositoryConfigurationDelegate : Finished Spring Data repository scanning in 11 ms. Found 9 JPA repository interfaces.
2025-11-30T03:17:40.721Z  INFO 26936 --- [    Test worker] o.s.b.w.embedded.tomcat.TomcatWebServer  : Tomcat initialized with port 0 (http)
2025-11-30T03:17:40.722Z  INFO 26936 --- [    Test worker] o.apache.catalina.core.StandardService   : Starting service [Tomcat]
2025-11-30T03:17:40.722Z  INFO 26936 --- [    Test worker] o.apache.catalina.core.StandardEngine    : Starting Servlet engine: [Apache Tomcat/10.1.49]
2025-11-30T03:17:40.734Z  INFO 26936 --- [    Test worker] o.a.c.c.C.[Tomcat-1].[localhost].[/]     : Initializing Spring embedded WebApplicationContext
2025-11-30T03:17:40.734Z  INFO 26936 --- [    Test worker] w.s.c.ServletWebServerApplicationContext : Root WebApplicationContext: initialization completed in 222 ms
2025-11-30T03:17:40.770Z  INFO 26936 --- [    Test worker] o.hibernate.jpa.internal.util.LogHelper  : HHH000204: Processing PersistenceUnitInfo [name: default]
2025-11-30T03:17:40.772Z  INFO 26936 --- [    Test worker] o.h.c.internal.RegionFactoryInitiator    : HHH000026: Second-level cache disabled
2025-11-30T03:17:40.777Z  INFO 26936 --- [    Test worker] o.s.o.j.p.SpringPersistenceUnitInfo      : No LoadTimeWeaver setup: ignoring JPA class transformer
2025-11-30T03:17:40.778Z  INFO 26936 --- [    Test worker] com.zaxxer.hikari.HikariDataSource       : HikariPool-65 - Starting...
2025-11-30T03:17:40.779Z  INFO 26936 --- [    Test worker] com.zaxxer.hikari.pool.HikariPool        : HikariPool-65 - Added connection conn640: url=jdbc:h2:mem:testdb user=SA
2025-11-30T03:17:40.780Z  INFO 26936 --- [    Test worker] com.zaxxer.hikari.HikariDataSource       : HikariPool-65 - Start completed.
2025-11-30T03:17:40.780Z  WARN 26936 --- [    Test worker] org.hibernate.orm.deprecation            : HHH90000025: H2Dialect does not need to be specified explicitly using 'hibernate.dialect' (remove the property setting and it will be selected by default)
2025-11-30T03:17:40.780Z  INFO 26936 --- [    Test worker] org.hibernate.orm.connections.pooling    : HHH10001005: Database info:
	Database JDBC URL [Connecting through datasource 'HikariDataSource (HikariPool-65)']
	Database driver: undefined/unknown
	Database version: 2.3.232
	Autocommit mode: undefined/unknown
	Isolation level: undefined/unknown
	Minimum pool size: undefined/unknown
	Maximum pool size: undefined/unknown
2025-11-30T03:17:40.830Z  INFO 26936 --- [    Test worker] o.h.e.t.j.p.i.JtaPlatformInitiator       : HHH000489: No JTA platform available (set 'hibernate.transaction.jta.platform' to enable JTA platform integration)
2025-11-30T03:17:40.843Z  INFO 26936 --- [    Test worker] j.LocalContainerEntityManagerFactoryBean : Initialized JPA EntityManagerFactory for persistence unit 'default'
2025-11-30T03:17:41.166Z  INFO 26936 --- [    Test worker] o.s.b.a.w.s.WelcomePageHandlerMapping    : Adding welcome page: class path resource [static/index.html]
2025-11-30T03:17:41.213Z  INFO 26936 --- [    Test worker] r$InitializeUserDetailsManagerConfigurer : Global AuthenticationManager configured with UserDetailsService bean with name customUserDetailsService
2025-11-30T03:17:41.343Z  INFO 26936 --- [    Test worker] o.s.b.w.embedded.tomcat.TomcatWebServer  : Tomcat started on port 46459 (http) with context path '/'
2025-11-30T03:17:41.348Z  INFO 26936 --- [    Test worker] com.muczynski.library.ui.UsersUITest     : Started UsersUITest in 0.855 seconds (process running for 950.46)
2025-11-30T03:17:41.352Z  INFO 26936 --- [    Test worker] c.m.library.config.DatabaseMigration     : Checking for users without userIdentifier...
2025-11-30T03:17:41.358Z DEBUG 26936 --- [    Test worker] c.m.library.config.DatabaseMigration     : Generated userIdentifier for user: librarian (ID: 1)
2025-11-30T03:17:41.359Z DEBUG 26936 --- [    Test worker] c.m.library.config.DatabaseMigration     : Generated userIdentifier for user: testuser (ID: 2)
2025-11-30T03:17:41.359Z  INFO 26936 --- [    Test worker] c.m.library.config.DatabaseMigration     : Migration complete: Generated userIdentifier for 2 users
2025-11-30T03:17:41.363Z  INFO 26936 --- [    Test worker] c.m.library.service.PhotoService         : Checksum migration: No photos without checksum found
2025-11-30T03:17:41.994Z  INFO 26936 --- [-auto-40-exec-1] o.a.c.c.C.[Tomcat-1].[localhost].[/]     : Initializing Spring DispatcherServlet 'dispatcherServlet'
2025-11-30T03:17:41.994Z  INFO 26936 --- [-auto-40-exec-1] o.s.web.servlet.DispatcherServlet        : Initializing Servlet 'dispatcherServlet'
2025-11-30T03:17:41.995Z  INFO 26936 --- [-auto-40-exec-1] o.s.web.servlet.DispatcherServlet        : Completed initialization in 1 ms
2025-11-30T03:17:42.252Z  INFO 26936 --- [-auto-40-exec-2] c.m.l.c.GlobalPropertiesController       : Checking test data page visibility property
2025-11-30T03:17:42.424Z  INFO 26936 --- [auto-40-exec-10] c.m.l.c.GlobalPropertiesController       : Checking test data page visibility property
2025-11-30T03:17:43.182Z  INFO 26936 --- [-auto-40-exec-3] c.m.l.c.GlobalSettingsController         : Checking SSO configuration status
2025-11-30T03:17:43.182Z DEBUG 26936 --- [-auto-40-exec-3] c.m.l.service.GlobalSettingsService      : Fetching global settings DTO
2025-11-30T03:17:43.182Z DEBUG 26936 --- [-auto-40-exec-3] c.m.l.service.GlobalSettingsService      : Fetching global settings
2025-11-30T03:17:43.187Z  INFO 26936 --- [-auto-40-exec-3] c.m.l.service.GlobalSettingsService      : No global settings found, creating default settings
2025-11-30T03:17:43.191Z DEBUG 26936 --- [-auto-40-exec-3] c.m.l.service.GlobalSettingsService      : Fetching global settings
2025-11-30T03:17:43.192Z  WARN 26936 --- [-auto-40-exec-3] c.m.l.service.GlobalSettingsService      : No Client Secret configured in database or environment variable
2025-11-30T03:17:43.193Z DEBUG 26936 --- [-auto-40-exec-3] c.m.l.service.GlobalSettingsService      : Fetching global settings
2025-11-30T03:17:43.193Z DEBUG 26936 --- [-auto-40-exec-3] c.m.l.service.GlobalSettingsService      : No SSO Client ID configured
2025-11-30T03:17:43.193Z DEBUG 26936 --- [-auto-40-exec-3] c.m.l.service.GlobalSettingsService      : Fetching global settings
2025-11-30T03:17:43.194Z DEBUG 26936 --- [-auto-40-exec-3] c.m.l.service.GlobalSettingsService      : No SSO Client Secret configured
2025-11-30T03:17:43.219Z  INFO 26936 --- [-auto-40-exec-5] c.m.l.c.GlobalPropertiesController       : Checking test data page visibility property
2025-11-30T03:17:43.861Z  INFO 26936 --- [-auto-40-exec-6] c.m.l.c.GlobalSettingsController         : Checking SSO configuration status
2025-11-30T03:17:43.862Z DEBUG 26936 --- [-auto-40-exec-6] c.m.l.service.GlobalSettingsService      : Fetching global settings DTO
2025-11-30T03:17:43.862Z DEBUG 26936 --- [-auto-40-exec-6] c.m.l.service.GlobalSettingsService      : Fetching global settings
2025-11-30T03:17:43.863Z DEBUG 26936 --- [-auto-40-exec-6] c.m.l.service.GlobalSettingsService      : Fetching global settings
2025-11-30T03:17:43.864Z  WARN 26936 --- [-auto-40-exec-6] c.m.l.service.GlobalSettingsService      : No Client Secret configured in database or environment variable
2025-11-30T03:17:43.864Z DEBUG 26936 --- [-auto-40-exec-6] c.m.l.service.GlobalSettingsService      : Fetching global settings
2025-11-30T03:17:43.864Z DEBUG 26936 --- [-auto-40-exec-6] c.m.l.service.GlobalSettingsService      : No SSO Client ID configured
2025-11-30T03:17:43.864Z DEBUG 26936 --- [-auto-40-exec-6] c.m.l.service.GlobalSettingsService      : Fetching global settings
2025-11-30T03:17:43.865Z DEBUG 26936 --- [-auto-40-exec-6] c.m.l.service.GlobalSettingsService      : No SSO Client Secret configured
2025-11-30T03:17:43.870Z  INFO 26936 --- [-auto-40-exec-7] c.m.l.c.GlobalPropertiesController       : Checking test data page visibility property
2025-11-30T03:18:03.609Z  INFO 26936 --- [    Test worker] o.s.b.w.e.tomcat.GracefulShutdown        : Commencing graceful shutdown. Waiting for active requests to complete
2025-11-30T03:18:03.611Z  INFO 26936 --- [tomcat-shutdown] o.s.b.w.e.tomcat.GracefulShutdown        : Graceful shutdown complete
2025-11-30T03:18:03.616Z  INFO 26936 --- [    Test worker] j.LocalContainerEntityManagerFactoryBean : Closing JPA EntityManagerFactory for persistence unit 'default'
2025-11-30T03:18:03.619Z  INFO 26936 --- [    Test worker] com.zaxxer.hikari.HikariDataSource       : HikariPool-65 - Shutdown initiated...
2025-11-30T03:18:03.620Z  INFO 26936 --- [    Test worker] com.zaxxer.hikari.HikariDataSource       : HikariPool-65 - Shutdown completed.
]]></system-out>
  <system-err><![CDATA[]]></system-err>
</testsuite>
