<?xml version="1.0" encoding="UTF-8"?>
<testsuite name="com.muczynski.library.controller.UserControllerTest" tests="6" skipped="0" failures="0" errors="0" timestamp="2025-11-30T03:06:04.684Z" hostname="cs-913025961294-default" time="0.169">
  <properties/>
  <testcase name="getAllUsers()" classname="com.muczynski.library.controller.UserControllerTest" time="0.053"/>
  <testcase name="updateUser()" classname="com.muczynski.library.controller.UserControllerTest" time="0.02"/>
  <testcase name="getCurrentUser()" classname="com.muczynski.library.controller.UserControllerTest" time="0.025"/>
  <testcase name="createUser()" classname="com.muczynski.library.controller.UserControllerTest" time="0.016"/>
  <testcase name="deleteUser()" classname="com.muczynski.library.controller.UserControllerTest" time="0.029"/>
  <testcase name="getUserById()" classname="com.muczynski.library.controller.UserControllerTest" time="0.013"/>
  <system-out><![CDATA[2025-11-30T03:06:02.174Z  INFO 26936 --- [    Test worker] t.c.s.AnnotationConfigContextLoaderUtils : Could not detect default configuration classes for test class [com.muczynski.library.controller.UserControllerTest]: UserControllerTest does not declare any static, non-private, non-final, nested classes annotated with @Configuration.
2025-11-30T03:06:02.180Z  INFO 26936 --- [    Test worker] .b.t.c.SpringBootTestContextBootstrapper : Found @SpringBootConfiguration com.muczynski.library.LibraryApplication for test class com.muczynski.library.controller.UserControllerTest

  .   ____          _            __ _ _
 /\\ / ___'_ __ _ _(_)_ __  __ _ \ \ \ \
( ( )\___ | '_ | '_| | '_ \/ _` | \ \ \ \
 \\/  ___)| |_)| | | | | || (_| |  ) ) ) )
  '  |____| .__|_| |_|_| |_\__, | / / / /
 =========|_|==============|___/=/_/_/_/

 :: Spring Boot ::                (v3.5.8)

2025-11-30T03:06:02.215Z  INFO 26936 --- [    Test worker] c.m.l.controller.UserControllerTest      : Starting UserControllerTest using Java 17.0.16 with PID 26936 (started by johnstosh in /home/johnstosh/library)
2025-11-30T03:06:02.215Z DEBUG 26936 --- [    Test worker] c.m.l.controller.UserControllerTest      : Running with Spring Boot v3.5.8, Spring v6.2.14
2025-11-30T03:06:02.215Z  INFO 26936 --- [    Test worker] c.m.l.controller.UserControllerTest      : The following 1 profile is active: "test"
2025-11-30T03:06:02.492Z  INFO 26936 --- [    Test worker] .s.d.r.c.RepositoryConfigurationDelegate : Bootstrapping Spring Data JPA repositories in DEFAULT mode.
2025-11-30T03:06:02.526Z  INFO 26936 --- [    Test worker] .s.d.r.c.RepositoryConfigurationDelegate : Finished Spring Data repository scanning in 31 ms. Found 9 JPA repository interfaces.
2025-11-30T03:06:03.054Z  INFO 26936 --- [    Test worker] o.hibernate.jpa.internal.util.LogHelper  : HHH000204: Processing PersistenceUnitInfo [name: default]
2025-11-30T03:06:03.062Z  INFO 26936 --- [    Test worker] o.h.c.internal.RegionFactoryInitiator    : HHH000026: Second-level cache disabled
2025-11-30T03:06:03.080Z  INFO 26936 --- [    Test worker] o.s.o.j.p.SpringPersistenceUnitInfo      : No LoadTimeWeaver setup: ignoring JPA class transformer
2025-11-30T03:06:03.081Z  INFO 26936 --- [    Test worker] com.zaxxer.hikari.HikariDataSource       : HikariPool-19 - Starting...
2025-11-30T03:06:03.082Z  INFO 26936 --- [    Test worker] com.zaxxer.hikari.pool.HikariPool        : HikariPool-19 - Added connection conn180: url=jdbc:h2:mem:testdb user=SA
2025-11-30T03:06:03.083Z  INFO 26936 --- [    Test worker] com.zaxxer.hikari.HikariDataSource       : HikariPool-19 - Start completed.
2025-11-30T03:06:03.083Z  WARN 26936 --- [    Test worker] org.hibernate.orm.deprecation            : HHH90000025: H2Dialect does not need to be specified explicitly using 'hibernate.dialect' (remove the property setting and it will be selected by default)
2025-11-30T03:06:03.083Z  INFO 26936 --- [    Test worker] org.hibernate.orm.connections.pooling    : HHH10001005: Database info:
	Database JDBC URL [Connecting through datasource 'HikariDataSource (HikariPool-19)']
	Database driver: undefined/unknown
	Database version: 2.3.232
	Autocommit mode: undefined/unknown
	Isolation level: undefined/unknown
	Minimum pool size: undefined/unknown
	Maximum pool size: undefined/unknown
2025-11-30T03:06:03.221Z  INFO 26936 --- [    Test worker] o.h.e.t.j.p.i.JtaPlatformInitiator       : HHH000489: No JTA platform available (set 'hibernate.transaction.jta.platform' to enable JTA platform integration)
2025-11-30T03:06:03.253Z  INFO 26936 --- [    Test worker] j.LocalContainerEntityManagerFactoryBean : Initialized JPA EntityManagerFactory for persistence unit 'default'
2025-11-30T03:06:04.175Z  INFO 26936 --- [    Test worker] o.s.b.a.w.s.WelcomePageHandlerMapping    : Adding welcome page: class path resource [static/index.html]
2025-11-30T03:06:04.297Z  INFO 26936 --- [    Test worker] r$InitializeUserDetailsManagerConfigurer : Global AuthenticationManager configured with UserDetailsService bean with name customUserDetailsService
2025-11-30T03:06:04.638Z  INFO 26936 --- [    Test worker] o.s.b.t.m.w.SpringBootMockServletContext : Initializing Spring TestDispatcherServlet ''
2025-11-30T03:06:04.639Z  INFO 26936 --- [    Test worker] o.s.t.web.servlet.TestDispatcherServlet  : Initializing Servlet ''
2025-11-30T03:06:04.640Z  INFO 26936 --- [    Test worker] o.s.t.web.servlet.TestDispatcherServlet  : Completed initialization in 1 ms
2025-11-30T03:06:04.656Z  INFO 26936 --- [    Test worker] c.m.l.controller.UserControllerTest      : Started UserControllerTest in 2.472 seconds (process running for 253.768)
2025-11-30T03:06:04.663Z  INFO 26936 --- [    Test worker] c.m.library.config.DatabaseMigration     : Checking for users without userIdentifier...
2025-11-30T03:06:04.672Z DEBUG 26936 --- [    Test worker] c.m.library.config.DatabaseMigration     : Generated userIdentifier for user: librarian (ID: 1)
2025-11-30T03:06:04.674Z DEBUG 26936 --- [    Test worker] c.m.library.config.DatabaseMigration     : Generated userIdentifier for user: testuser (ID: 2)
2025-11-30T03:06:04.674Z  INFO 26936 --- [    Test worker] c.m.library.config.DatabaseMigration     : Migration complete: Generated userIdentifier for 2 users
2025-11-30T03:06:04.681Z  INFO 26936 --- [    Test worker] c.m.library.service.PhotoService         : Checksum migration: No photos without checksum found
2025-11-30T03:06:04.764Z  INFO 26936 --- [    Test worker] c.m.library.controller.UserController    : GET /api/users/me called, authentication: org.springframework.security.authentication.UsernamePasswordAuthenticationToken
2025-11-30T03:06:04.771Z  INFO 26936 --- [    Test worker] c.m.library.controller.UserController    : Principal type: org.springframework.security.core.userdetails.User
2025-11-30T03:06:04.773Z  INFO 26936 --- [    Test worker] c.m.library.controller.UserController    : Username determined: testuser, roles: [USER]
2025-11-30T03:06:04.776Z  INFO 26936 --- [    Test worker] c.m.library.controller.UserController    : Found user in database: ID=1, username=testuser, ssoProvider=null
]]></system-out>
  <system-err><![CDATA[]]></system-err>
</testsuite>
