<?xml version="1.0" encoding="UTF-8"?>
<testsuite name="com.muczynski.library.ui.SearchUITest" tests="3" skipped="0" failures="3" errors="0" timestamp="2025-11-30T03:15:07.886Z" hostname="cs-913025961294-default" time="64.473">
  <properties/>
  <testcase name="testSearchExecutesOnEnterKey()" classname="com.muczynski.library.ui.SearchUITest" time="20.879">
    <failure message="com.microsoft.playwright.TimeoutError: Timeout 20000ms exceeded" type="com.microsoft.playwright.TimeoutError">com.microsoft.playwright.TimeoutError: Timeout 20000ms exceeded
	at app//com.microsoft.playwright.impl.WaitableTimeout.get(WaitableTimeout.java:41)
	at app//com.microsoft.playwright.impl.WaitableRace.get(WaitableRace.java:46)
	at app//com.microsoft.playwright.impl.ChannelOwner.runUntil(ChannelOwner.java:138)
	at app//com.microsoft.playwright.impl.FrameImpl.waitForLoadStateImpl(FrameImpl.java:835)
	at app//com.microsoft.playwright.impl.FrameImpl.waitForLoadStateImpl(FrameImpl.java:820)
	at app//com.microsoft.playwright.impl.PageImpl.lambda$waitForLoadState$11(PageImpl.java:1399)
	at app//com.microsoft.playwright.impl.WaitForEventLogger.get(WaitForEventLogger.java:49)
	at app//com.microsoft.playwright.impl.ChannelOwner.withWaitLogging(ChannelOwner.java:84)
	at app//com.microsoft.playwright.impl.PageImpl.lambda$waitForLoadState$12(PageImpl.java:1398)
	at app//com.microsoft.playwright.impl.ChannelOwner.lambda$withTitle$0(ChannelOwner.java:90)
	at app//com.microsoft.playwright.impl.ChannelOwner.withTitle(ChannelOwner.java:98)
	at app//com.microsoft.playwright.impl.ChannelOwner.withTitle(ChannelOwner.java:89)
	at app//com.microsoft.playwright.impl.PageImpl.waitForLoadState(PageImpl.java:1397)
	at app//com.muczynski.library.ui.SearchUITest.login(SearchUITest.java:72)
	at app//com.muczynski.library.ui.SearchUITest.testSearchExecutesOnEnterKey(SearchUITest.java:106)
	at java.base@17.0.16/java.lang.reflect.Method.invoke(Method.java:569)
	at java.base@17.0.16/java.util.ArrayList.forEach(ArrayList.java:1511)
	at java.base@17.0.16/java.util.ArrayList.forEach(ArrayList.java:1511)
</failure>
  </testcase>
  <testcase name="testSearchFunctionality()" classname="com.muczynski.library.ui.SearchUITest" time="21.907">
    <failure message="com.microsoft.playwright.TimeoutError: Timeout 20000ms exceeded" type="com.microsoft.playwright.TimeoutError">com.microsoft.playwright.TimeoutError: Timeout 20000ms exceeded
	at app//com.microsoft.playwright.impl.WaitableTimeout.get(WaitableTimeout.java:41)
	at app//com.microsoft.playwright.impl.WaitableRace.get(WaitableRace.java:46)
	at app//com.microsoft.playwright.impl.ChannelOwner.runUntil(ChannelOwner.java:138)
	at app//com.microsoft.playwright.impl.FrameImpl.waitForLoadStateImpl(FrameImpl.java:835)
	at app//com.microsoft.playwright.impl.FrameImpl.waitForLoadStateImpl(FrameImpl.java:820)
	at app//com.microsoft.playwright.impl.PageImpl.lambda$waitForLoadState$11(PageImpl.java:1399)
	at app//com.microsoft.playwright.impl.WaitForEventLogger.get(WaitForEventLogger.java:49)
	at app//com.microsoft.playwright.impl.ChannelOwner.withWaitLogging(ChannelOwner.java:84)
	at app//com.microsoft.playwright.impl.PageImpl.lambda$waitForLoadState$12(PageImpl.java:1398)
	at app//com.microsoft.playwright.impl.ChannelOwner.lambda$withTitle$0(ChannelOwner.java:90)
	at app//com.microsoft.playwright.impl.ChannelOwner.withTitle(ChannelOwner.java:98)
	at app//com.microsoft.playwright.impl.ChannelOwner.withTitle(ChannelOwner.java:89)
	at app//com.microsoft.playwright.impl.PageImpl.waitForLoadState(PageImpl.java:1397)
	at app//com.muczynski.library.ui.SearchUITest.login(SearchUITest.java:72)
	at app//com.muczynski.library.ui.SearchUITest.testSearchFunctionality(SearchUITest.java:79)
	at java.base@17.0.16/java.lang.reflect.Method.invoke(Method.java:569)
	at java.base@17.0.16/java.util.ArrayList.forEach(ArrayList.java:1511)
	at java.base@17.0.16/java.util.ArrayList.forEach(ArrayList.java:1511)
</failure>
  </testcase>
  <testcase name="testSearchForShortQuery()" classname="com.muczynski.library.ui.SearchUITest" time="21.686">
    <failure message="com.microsoft.playwright.TimeoutError: Timeout 20000ms exceeded" type="com.microsoft.playwright.TimeoutError">com.microsoft.playwright.TimeoutError: Timeout 20000ms exceeded
	at app//com.microsoft.playwright.impl.WaitableTimeout.get(WaitableTimeout.java:41)
	at app//com.microsoft.playwright.impl.WaitableRace.get(WaitableRace.java:46)
	at app//com.microsoft.playwright.impl.ChannelOwner.runUntil(ChannelOwner.java:138)
	at app//com.microsoft.playwright.impl.FrameImpl.waitForLoadStateImpl(FrameImpl.java:835)
	at app//com.microsoft.playwright.impl.FrameImpl.waitForLoadStateImpl(FrameImpl.java:820)
	at app//com.microsoft.playwright.impl.PageImpl.lambda$waitForLoadState$11(PageImpl.java:1399)
	at app//com.microsoft.playwright.impl.WaitForEventLogger.get(WaitForEventLogger.java:49)
	at app//com.microsoft.playwright.impl.ChannelOwner.withWaitLogging(ChannelOwner.java:84)
	at app//com.microsoft.playwright.impl.PageImpl.lambda$waitForLoadState$12(PageImpl.java:1398)
	at app//com.microsoft.playwright.impl.ChannelOwner.lambda$withTitle$0(ChannelOwner.java:90)
	at app//com.microsoft.playwright.impl.ChannelOwner.withTitle(ChannelOwner.java:98)
	at app//com.microsoft.playwright.impl.ChannelOwner.withTitle(ChannelOwner.java:89)
	at app//com.microsoft.playwright.impl.PageImpl.waitForLoadState(PageImpl.java:1397)
	at app//com.muczynski.library.ui.SearchUITest.login(SearchUITest.java:72)
	at app//com.muczynski.library.ui.SearchUITest.testSearchForShortQuery(SearchUITest.java:132)
	at java.base@17.0.16/java.lang.reflect.Method.invoke(Method.java:569)
	at java.base@17.0.16/java.util.ArrayList.forEach(ArrayList.java:1511)
	at java.base@17.0.16/java.util.ArrayList.forEach(ArrayList.java:1511)
</failure>
  </testcase>
  <system-out><![CDATA[
  .   ____          _            __ _ _
 /\\ / ___'_ __ _ _(_)_ __  __ _ \ \ \ \
( ( )\___ | '_ | '_| | '_ \/ _` | \ \ \ \
 \\/  ___)| |_)| | | | | || (_| |  ) ) ) )
  '  |____| .__|_| |_|_| |_\__, | / / / /
 =========|_|==============|___/=/_/_/_/

 :: Spring Boot ::                (v3.5.8)

2025-11-30T03:15:06.306Z  INFO 26936 --- [    Test worker] com.muczynski.library.ui.SearchUITest    : Starting SearchUITest using Java 17.0.16 with PID 26936 (started by johnstosh in /home/johnstosh/library)
2025-11-30T03:15:06.306Z DEBUG 26936 --- [    Test worker] com.muczynski.library.ui.SearchUITest    : Running with Spring Boot v3.5.8, Spring v6.2.14
2025-11-30T03:15:06.306Z  INFO 26936 --- [    Test worker] com.muczynski.library.ui.SearchUITest    : The following 1 profile is active: "test"
2025-11-30T03:15:06.495Z  INFO 26936 --- [    Test worker] .s.d.r.c.RepositoryConfigurationDelegate : Bootstrapping Spring Data JPA repositories in DEFAULT mode.
2025-11-30T03:15:06.513Z  INFO 26936 --- [    Test worker] .s.d.r.c.RepositoryConfigurationDelegate : Finished Spring Data repository scanning in 16 ms. Found 9 JPA repository interfaces.
2025-11-30T03:15:06.619Z  INFO 26936 --- [    Test worker] o.s.b.w.embedded.tomcat.TomcatWebServer  : Tomcat initialized with port 0 (http)
2025-11-30T03:15:06.620Z  INFO 26936 --- [    Test worker] o.apache.catalina.core.StandardService   : Starting service [Tomcat]
2025-11-30T03:15:06.620Z  INFO 26936 --- [    Test worker] o.apache.catalina.core.StandardEngine    : Starting Servlet engine: [Apache Tomcat/10.1.49]
2025-11-30T03:15:06.634Z  INFO 26936 --- [    Test worker] o.a.c.c.C.[Tomcat-1].[localhost].[/]     : Initializing Spring embedded WebApplicationContext
2025-11-30T03:15:06.634Z  INFO 26936 --- [    Test worker] w.s.c.ServletWebServerApplicationContext : Root WebApplicationContext: initialization completed in 327 ms
2025-11-30T03:15:06.670Z  INFO 26936 --- [    Test worker] o.hibernate.jpa.internal.util.LogHelper  : HHH000204: Processing PersistenceUnitInfo [name: default]
2025-11-30T03:15:06.672Z  INFO 26936 --- [    Test worker] o.h.c.internal.RegionFactoryInitiator    : HHH000026: Second-level cache disabled
2025-11-30T03:15:06.677Z  INFO 26936 --- [    Test worker] o.s.o.j.p.SpringPersistenceUnitInfo      : No LoadTimeWeaver setup: ignoring JPA class transformer
2025-11-30T03:15:06.678Z  INFO 26936 --- [    Test worker] com.zaxxer.hikari.HikariDataSource       : HikariPool-58 - Starting...
2025-11-30T03:15:06.679Z  INFO 26936 --- [    Test worker] com.zaxxer.hikari.pool.HikariPool        : HikariPool-58 - Added connection conn570: url=jdbc:h2:mem:testdb user=SA
2025-11-30T03:15:06.679Z  INFO 26936 --- [    Test worker] com.zaxxer.hikari.HikariDataSource       : HikariPool-58 - Start completed.
2025-11-30T03:15:06.679Z  WARN 26936 --- [    Test worker] org.hibernate.orm.deprecation            : HHH90000025: H2Dialect does not need to be specified explicitly using 'hibernate.dialect' (remove the property setting and it will be selected by default)
2025-11-30T03:15:06.680Z  INFO 26936 --- [    Test worker] org.hibernate.orm.connections.pooling    : HHH10001005: Database info:
	Database JDBC URL [Connecting through datasource 'HikariDataSource (HikariPool-58)']
	Database driver: undefined/unknown
	Database version: 2.3.232
	Autocommit mode: undefined/unknown
	Isolation level: undefined/unknown
	Minimum pool size: undefined/unknown
	Maximum pool size: undefined/unknown
2025-11-30T03:15:06.751Z  INFO 26936 --- [    Test worker] o.h.e.t.j.p.i.JtaPlatformInitiator       : HHH000489: No JTA platform available (set 'hibernate.transaction.jta.platform' to enable JTA platform integration)
2025-11-30T03:15:06.763Z  INFO 26936 --- [    Test worker] j.LocalContainerEntityManagerFactoryBean : Initialized JPA EntityManagerFactory for persistence unit 'default'
2025-11-30T03:15:07.104Z  INFO 26936 --- [    Test worker] o.s.b.a.w.s.WelcomePageHandlerMapping    : Adding welcome page: class path resource [static/index.html]
2025-11-30T03:15:07.180Z  INFO 26936 --- [    Test worker] r$InitializeUserDetailsManagerConfigurer : Global AuthenticationManager configured with UserDetailsService bean with name customUserDetailsService
2025-11-30T03:15:07.323Z  INFO 26936 --- [    Test worker] o.s.b.w.embedded.tomcat.TomcatWebServer  : Tomcat started on port 42181 (http) with context path '/'
2025-11-30T03:15:07.326Z  INFO 26936 --- [    Test worker] com.muczynski.library.ui.SearchUITest    : Started SearchUITest in 1.039 seconds (process running for 796.438)
2025-11-30T03:15:07.330Z  INFO 26936 --- [    Test worker] c.m.library.config.DatabaseMigration     : Checking for users without userIdentifier...
2025-11-30T03:15:07.332Z DEBUG 26936 --- [    Test worker] c.m.library.config.DatabaseMigration     : Generated userIdentifier for user: librarian (ID: 1)
2025-11-30T03:15:07.333Z DEBUG 26936 --- [    Test worker] c.m.library.config.DatabaseMigration     : Generated userIdentifier for user: testuser (ID: 2)
2025-11-30T03:15:07.333Z  INFO 26936 --- [    Test worker] c.m.library.config.DatabaseMigration     : Migration complete: Generated userIdentifier for 2 users
2025-11-30T03:15:07.336Z  INFO 26936 --- [    Test worker] c.m.library.service.PhotoService         : Checksum migration: No photos without checksum found
2025-11-30T03:15:07.978Z  INFO 26936 --- [-auto-33-exec-1] o.a.c.c.C.[Tomcat-1].[localhost].[/]     : Initializing Spring DispatcherServlet 'dispatcherServlet'
2025-11-30T03:15:07.979Z  INFO 26936 --- [-auto-33-exec-1] o.s.web.servlet.DispatcherServlet        : Initializing Servlet 'dispatcherServlet'
2025-11-30T03:15:07.981Z  INFO 26936 --- [-auto-33-exec-1] o.s.web.servlet.DispatcherServlet        : Completed initialization in 2 ms
2025-11-30T03:15:08.239Z  INFO 26936 --- [-auto-33-exec-5] c.m.l.c.GlobalPropertiesController       : Checking test data page visibility property
2025-11-30T03:15:08.376Z  INFO 26936 --- [-auto-33-exec-3] c.m.l.c.GlobalSettingsController         : Checking SSO configuration status
2025-11-30T03:15:08.377Z DEBUG 26936 --- [-auto-33-exec-3] c.m.l.service.GlobalSettingsService      : Fetching global settings DTO
2025-11-30T03:15:08.377Z DEBUG 26936 --- [-auto-33-exec-3] c.m.l.service.GlobalSettingsService      : Fetching global settings
2025-11-30T03:15:08.379Z  INFO 26936 --- [-auto-33-exec-3] c.m.l.service.GlobalSettingsService      : No global settings found, creating default settings
2025-11-30T03:15:08.380Z DEBUG 26936 --- [-auto-33-exec-3] c.m.l.service.GlobalSettingsService      : Fetching global settings
2025-11-30T03:15:08.381Z  WARN 26936 --- [-auto-33-exec-3] c.m.l.service.GlobalSettingsService      : No Client Secret configured in database or environment variable
2025-11-30T03:15:08.381Z DEBUG 26936 --- [-auto-33-exec-3] c.m.l.service.GlobalSettingsService      : Fetching global settings
2025-11-30T03:15:08.383Z DEBUG 26936 --- [-auto-33-exec-3] c.m.l.service.GlobalSettingsService      : No SSO Client ID configured
2025-11-30T03:15:08.383Z DEBUG 26936 --- [-auto-33-exec-3] c.m.l.service.GlobalSettingsService      : Fetching global settings
2025-11-30T03:15:08.384Z DEBUG 26936 --- [-auto-33-exec-3] c.m.l.service.GlobalSettingsService      : No SSO Client Secret configured
2025-11-30T03:15:08.392Z  INFO 26936 --- [-auto-33-exec-9] c.m.l.c.GlobalPropertiesController       : Checking test data page visibility property
2025-11-30T03:15:08.966Z  INFO 26936 --- [auto-33-exec-10] c.m.l.c.GlobalSettingsController         : Checking SSO configuration status
2025-11-30T03:15:08.967Z DEBUG 26936 --- [auto-33-exec-10] c.m.l.service.GlobalSettingsService      : Fetching global settings DTO
2025-11-30T03:15:08.967Z DEBUG 26936 --- [auto-33-exec-10] c.m.l.service.GlobalSettingsService      : Fetching global settings
2025-11-30T03:15:08.968Z DEBUG 26936 --- [auto-33-exec-10] c.m.l.service.GlobalSettingsService      : Fetching global settings
2025-11-30T03:15:08.969Z  WARN 26936 --- [auto-33-exec-10] c.m.l.service.GlobalSettingsService      : No Client Secret configured in database or environment variable
2025-11-30T03:15:08.969Z DEBUG 26936 --- [auto-33-exec-10] c.m.l.service.GlobalSettingsService      : Fetching global settings
2025-11-30T03:15:08.970Z DEBUG 26936 --- [auto-33-exec-10] c.m.l.service.GlobalSettingsService      : No SSO Client ID configured
2025-11-30T03:15:08.970Z DEBUG 26936 --- [auto-33-exec-10] c.m.l.service.GlobalSettingsService      : Fetching global settings
2025-11-30T03:15:08.971Z DEBUG 26936 --- [auto-33-exec-10] c.m.l.service.GlobalSettingsService      : No SSO Client Secret configured
2025-11-30T03:15:08.978Z  INFO 26936 --- [-auto-33-exec-4] c.m.l.c.GlobalPropertiesController       : Checking test data page visibility property
2025-11-30T03:15:28.751Z  INFO 26936 --- [    Test worker] o.s.b.w.e.tomcat.GracefulShutdown        : Commencing graceful shutdown. Waiting for active requests to complete
2025-11-30T03:15:28.754Z  INFO 26936 --- [tomcat-shutdown] o.s.b.w.e.tomcat.GracefulShutdown        : Graceful shutdown complete
2025-11-30T03:15:28.758Z  INFO 26936 --- [    Test worker] j.LocalContainerEntityManagerFactoryBean : Closing JPA EntityManagerFactory for persistence unit 'default'
2025-11-30T03:15:28.762Z  INFO 26936 --- [    Test worker] com.zaxxer.hikari.HikariDataSource       : HikariPool-58 - Shutdown initiated...
2025-11-30T03:15:28.763Z  INFO 26936 --- [    Test worker] com.zaxxer.hikari.HikariDataSource       : HikariPool-58 - Shutdown completed.

  .   ____          _            __ _ _
 /\\ / ___'_ __ _ _(_)_ __  __ _ \ \ \ \
( ( )\___ | '_ | '_| | '_ \/ _` | \ \ \ \
 \\/  ___)| |_)| | | | | || (_| |  ) ) ) )
  '  |____| .__|_| |_|_| |_\__, | / / / /
 =========|_|==============|___/=/_/_/_/

 :: Spring Boot ::                (v3.5.8)

2025-11-30T03:15:28.805Z  INFO 26936 --- [    Test worker] com.muczynski.library.ui.SearchUITest    : Starting SearchUITest using Java 17.0.16 with PID 26936 (started by johnstosh in /home/johnstosh/library)
2025-11-30T03:15:28.806Z DEBUG 26936 --- [    Test worker] com.muczynski.library.ui.SearchUITest    : Running with Spring Boot v3.5.8, Spring v6.2.14
2025-11-30T03:15:28.806Z  INFO 26936 --- [    Test worker] com.muczynski.library.ui.SearchUITest    : The following 1 profile is active: "test"
2025-11-30T03:15:28.951Z  INFO 26936 --- [    Test worker] .s.d.r.c.RepositoryConfigurationDelegate : Bootstrapping Spring Data JPA repositories in DEFAULT mode.
2025-11-30T03:15:28.969Z  INFO 26936 --- [    Test worker] .s.d.r.c.RepositoryConfigurationDelegate : Finished Spring Data repository scanning in 16 ms. Found 9 JPA repository interfaces.
2025-11-30T03:15:29.048Z  INFO 26936 --- [    Test worker] o.s.b.w.embedded.tomcat.TomcatWebServer  : Tomcat initialized with port 0 (http)
2025-11-30T03:15:29.049Z  INFO 26936 --- [    Test worker] o.apache.catalina.core.StandardService   : Starting service [Tomcat]
2025-11-30T03:15:29.050Z  INFO 26936 --- [    Test worker] o.apache.catalina.core.StandardEngine    : Starting Servlet engine: [Apache Tomcat/10.1.49]
2025-11-30T03:15:29.067Z  INFO 26936 --- [    Test worker] o.a.c.c.C.[Tomcat-1].[localhost].[/]     : Initializing Spring embedded WebApplicationContext
2025-11-30T03:15:29.067Z  INFO 26936 --- [    Test worker] w.s.c.ServletWebServerApplicationContext : Root WebApplicationContext: initialization completed in 260 ms
2025-11-30T03:15:29.105Z  INFO 26936 --- [    Test worker] o.hibernate.jpa.internal.util.LogHelper  : HHH000204: Processing PersistenceUnitInfo [name: default]
2025-11-30T03:15:29.107Z  INFO 26936 --- [    Test worker] o.h.c.internal.RegionFactoryInitiator    : HHH000026: Second-level cache disabled
2025-11-30T03:15:29.114Z  INFO 26936 --- [    Test worker] o.s.o.j.p.SpringPersistenceUnitInfo      : No LoadTimeWeaver setup: ignoring JPA class transformer
2025-11-30T03:15:29.114Z  INFO 26936 --- [    Test worker] com.zaxxer.hikari.HikariDataSource       : HikariPool-59 - Starting...
2025-11-30T03:15:29.115Z  INFO 26936 --- [    Test worker] com.zaxxer.hikari.pool.HikariPool        : HikariPool-59 - Added connection conn580: url=jdbc:h2:mem:testdb user=SA
2025-11-30T03:15:29.116Z  INFO 26936 --- [    Test worker] com.zaxxer.hikari.HikariDataSource       : HikariPool-59 - Start completed.
2025-11-30T03:15:29.116Z  WARN 26936 --- [    Test worker] org.hibernate.orm.deprecation            : HHH90000025: H2Dialect does not need to be specified explicitly using 'hibernate.dialect' (remove the property setting and it will be selected by default)
2025-11-30T03:15:29.116Z  INFO 26936 --- [    Test worker] org.hibernate.orm.connections.pooling    : HHH10001005: Database info:
	Database JDBC URL [Connecting through datasource 'HikariDataSource (HikariPool-59)']
	Database driver: undefined/unknown
	Database version: 2.3.232
	Autocommit mode: undefined/unknown
	Isolation level: undefined/unknown
	Minimum pool size: undefined/unknown
	Maximum pool size: undefined/unknown
2025-11-30T03:15:29.160Z  INFO 26936 --- [    Test worker] o.h.e.t.j.p.i.JtaPlatformInitiator       : HHH000489: No JTA platform available (set 'hibernate.transaction.jta.platform' to enable JTA platform integration)
2025-11-30T03:15:29.168Z  INFO 26936 --- [    Test worker] j.LocalContainerEntityManagerFactoryBean : Initialized JPA EntityManagerFactory for persistence unit 'default'
2025-11-30T03:15:29.483Z  INFO 26936 --- [    Test worker] o.s.b.a.w.s.WelcomePageHandlerMapping    : Adding welcome page: class path resource [static/index.html]
2025-11-30T03:15:29.563Z  INFO 26936 --- [    Test worker] r$InitializeUserDetailsManagerConfigurer : Global AuthenticationManager configured with UserDetailsService bean with name customUserDetailsService
2025-11-30T03:15:29.789Z  INFO 26936 --- [    Test worker] o.s.b.w.embedded.tomcat.TomcatWebServer  : Tomcat started on port 41151 (http) with context path '/'
2025-11-30T03:15:29.794Z  INFO 26936 --- [    Test worker] com.muczynski.library.ui.SearchUITest    : Started SearchUITest in 1.025 seconds (process running for 818.906)
2025-11-30T03:15:29.799Z  INFO 26936 --- [    Test worker] c.m.library.config.DatabaseMigration     : Checking for users without userIdentifier...
2025-11-30T03:15:29.803Z DEBUG 26936 --- [    Test worker] c.m.library.config.DatabaseMigration     : Generated userIdentifier for user: librarian (ID: 1)
2025-11-30T03:15:29.804Z DEBUG 26936 --- [    Test worker] c.m.library.config.DatabaseMigration     : Generated userIdentifier for user: testuser (ID: 2)
2025-11-30T03:15:29.804Z  INFO 26936 --- [    Test worker] c.m.library.config.DatabaseMigration     : Migration complete: Generated userIdentifier for 2 users
2025-11-30T03:15:29.809Z  INFO 26936 --- [    Test worker] c.m.library.service.PhotoService         : Checksum migration: No photos without checksum found
2025-11-30T03:15:29.889Z  INFO 26936 --- [-auto-34-exec-1] o.a.c.c.C.[Tomcat-1].[localhost].[/]     : Initializing Spring DispatcherServlet 'dispatcherServlet'
2025-11-30T03:15:29.889Z  INFO 26936 --- [-auto-34-exec-1] o.s.web.servlet.DispatcherServlet        : Initializing Servlet 'dispatcherServlet'
2025-11-30T03:15:29.891Z  INFO 26936 --- [-auto-34-exec-1] o.s.web.servlet.DispatcherServlet        : Completed initialization in 2 ms
2025-11-30T03:15:30.175Z  INFO 26936 --- [-auto-34-exec-1] c.m.l.c.GlobalPropertiesController       : Checking test data page visibility property
2025-11-30T03:15:30.291Z  INFO 26936 --- [-auto-34-exec-9] c.m.l.c.GlobalSettingsController         : Checking SSO configuration status
2025-11-30T03:15:30.292Z DEBUG 26936 --- [-auto-34-exec-9] c.m.l.service.GlobalSettingsService      : Fetching global settings DTO
2025-11-30T03:15:30.292Z DEBUG 26936 --- [-auto-34-exec-9] c.m.l.service.GlobalSettingsService      : Fetching global settings
2025-11-30T03:15:30.294Z  INFO 26936 --- [-auto-34-exec-9] c.m.l.service.GlobalSettingsService      : No global settings found, creating default settings
2025-11-30T03:15:30.296Z DEBUG 26936 --- [-auto-34-exec-9] c.m.l.service.GlobalSettingsService      : Fetching global settings
2025-11-30T03:15:30.297Z  WARN 26936 --- [-auto-34-exec-9] c.m.l.service.GlobalSettingsService      : No Client Secret configured in database or environment variable
2025-11-30T03:15:30.297Z DEBUG 26936 --- [-auto-34-exec-9] c.m.l.service.GlobalSettingsService      : Fetching global settings
2025-11-30T03:15:30.298Z DEBUG 26936 --- [-auto-34-exec-9] c.m.l.service.GlobalSettingsService      : No SSO Client ID configured
2025-11-30T03:15:30.298Z DEBUG 26936 --- [-auto-34-exec-9] c.m.l.service.GlobalSettingsService      : Fetching global settings
2025-11-30T03:15:30.298Z DEBUG 26936 --- [-auto-34-exec-9] c.m.l.service.GlobalSettingsService      : No SSO Client Secret configured
2025-11-30T03:15:30.308Z  INFO 26936 --- [-auto-34-exec-8] c.m.l.c.GlobalPropertiesController       : Checking test data page visibility property
2025-11-30T03:15:30.836Z  INFO 26936 --- [-auto-34-exec-3] c.m.l.c.GlobalSettingsController         : Checking SSO configuration status
2025-11-30T03:15:30.837Z DEBUG 26936 --- [-auto-34-exec-3] c.m.l.service.GlobalSettingsService      : Fetching global settings DTO
2025-11-30T03:15:30.837Z DEBUG 26936 --- [-auto-34-exec-3] c.m.l.service.GlobalSettingsService      : Fetching global settings
2025-11-30T03:15:30.838Z DEBUG 26936 --- [-auto-34-exec-3] c.m.l.service.GlobalSettingsService      : Fetching global settings
2025-11-30T03:15:30.839Z  WARN 26936 --- [-auto-34-exec-3] c.m.l.service.GlobalSettingsService      : No Client Secret configured in database or environment variable
2025-11-30T03:15:30.839Z DEBUG 26936 --- [-auto-34-exec-3] c.m.l.service.GlobalSettingsService      : Fetching global settings
2025-11-30T03:15:30.840Z DEBUG 26936 --- [-auto-34-exec-3] c.m.l.service.GlobalSettingsService      : No SSO Client ID configured
2025-11-30T03:15:30.840Z DEBUG 26936 --- [-auto-34-exec-3] c.m.l.service.GlobalSettingsService      : Fetching global settings
2025-11-30T03:15:30.840Z DEBUG 26936 --- [-auto-34-exec-3] c.m.l.service.GlobalSettingsService      : No SSO Client Secret configured
2025-11-30T03:15:30.845Z  INFO 26936 --- [-auto-34-exec-4] c.m.l.c.GlobalPropertiesController       : Checking test data page visibility property
2025-11-30T03:15:50.655Z  INFO 26936 --- [    Test worker] o.s.b.w.e.tomcat.GracefulShutdown        : Commencing graceful shutdown. Waiting for active requests to complete
2025-11-30T03:15:50.657Z  INFO 26936 --- [tomcat-shutdown] o.s.b.w.e.tomcat.GracefulShutdown        : Graceful shutdown complete
2025-11-30T03:15:50.664Z  INFO 26936 --- [    Test worker] j.LocalContainerEntityManagerFactoryBean : Closing JPA EntityManagerFactory for persistence unit 'default'
2025-11-30T03:15:50.666Z  INFO 26936 --- [    Test worker] com.zaxxer.hikari.HikariDataSource       : HikariPool-59 - Shutdown initiated...
2025-11-30T03:15:50.667Z  INFO 26936 --- [    Test worker] com.zaxxer.hikari.HikariDataSource       : HikariPool-59 - Shutdown completed.

  .   ____          _            __ _ _
 /\\ / ___'_ __ _ _(_)_ __  __ _ \ \ \ \
( ( )\___ | '_ | '_| | '_ \/ _` | \ \ \ \
 \\/  ___)| |_)| | | | | || (_| |  ) ) ) )
  '  |____| .__|_| |_|_| |_\__, | / / / /
 =========|_|==============|___/=/_/_/_/

 :: Spring Boot ::                (v3.5.8)

2025-11-30T03:15:50.695Z  INFO 26936 --- [    Test worker] com.muczynski.library.ui.SearchUITest    : Starting SearchUITest using Java 17.0.16 with PID 26936 (started by johnstosh in /home/johnstosh/library)
2025-11-30T03:15:50.695Z DEBUG 26936 --- [    Test worker] com.muczynski.library.ui.SearchUITest    : Running with Spring Boot v3.5.8, Spring v6.2.14
2025-11-30T03:15:50.695Z  INFO 26936 --- [    Test worker] com.muczynski.library.ui.SearchUITest    : The following 1 profile is active: "test"
2025-11-30T03:15:50.816Z  INFO 26936 --- [    Test worker] .s.d.r.c.RepositoryConfigurationDelegate : Bootstrapping Spring Data JPA repositories in DEFAULT mode.
2025-11-30T03:15:50.831Z  INFO 26936 --- [    Test worker] .s.d.r.c.RepositoryConfigurationDelegate : Finished Spring Data repository scanning in 13 ms. Found 9 JPA repository interfaces.
2025-11-30T03:15:50.932Z  INFO 26936 --- [    Test worker] o.s.b.w.embedded.tomcat.TomcatWebServer  : Tomcat initialized with port 0 (http)
2025-11-30T03:15:50.934Z  INFO 26936 --- [    Test worker] o.apache.catalina.core.StandardService   : Starting service [Tomcat]
2025-11-30T03:15:50.934Z  INFO 26936 --- [    Test worker] o.apache.catalina.core.StandardEngine    : Starting Servlet engine: [Apache Tomcat/10.1.49]
2025-11-30T03:15:50.951Z  INFO 26936 --- [    Test worker] o.a.c.c.C.[Tomcat-1].[localhost].[/]     : Initializing Spring embedded WebApplicationContext
2025-11-30T03:15:50.952Z  INFO 26936 --- [    Test worker] w.s.c.ServletWebServerApplicationContext : Root WebApplicationContext: initialization completed in 255 ms
2025-11-30T03:15:51.010Z  INFO 26936 --- [    Test worker] o.hibernate.jpa.internal.util.LogHelper  : HHH000204: Processing PersistenceUnitInfo [name: default]
2025-11-30T03:15:51.012Z  INFO 26936 --- [    Test worker] o.h.c.internal.RegionFactoryInitiator    : HHH000026: Second-level cache disabled
2025-11-30T03:15:51.020Z  INFO 26936 --- [    Test worker] o.s.o.j.p.SpringPersistenceUnitInfo      : No LoadTimeWeaver setup: ignoring JPA class transformer
2025-11-30T03:15:51.021Z  INFO 26936 --- [    Test worker] com.zaxxer.hikari.HikariDataSource       : HikariPool-60 - Starting...
2025-11-30T03:15:51.022Z  INFO 26936 --- [    Test worker] com.zaxxer.hikari.pool.HikariPool        : HikariPool-60 - Added connection conn590: url=jdbc:h2:mem:testdb user=SA
2025-11-30T03:15:51.022Z  INFO 26936 --- [    Test worker] com.zaxxer.hikari.HikariDataSource       : HikariPool-60 - Start completed.
2025-11-30T03:15:51.023Z  WARN 26936 --- [    Test worker] org.hibernate.orm.deprecation            : HHH90000025: H2Dialect does not need to be specified explicitly using 'hibernate.dialect' (remove the property setting and it will be selected by default)
2025-11-30T03:15:51.023Z  INFO 26936 --- [    Test worker] org.hibernate.orm.connections.pooling    : HHH10001005: Database info:
	Database JDBC URL [Connecting through datasource 'HikariDataSource (HikariPool-60)']
	Database driver: undefined/unknown
	Database version: 2.3.232
	Autocommit mode: undefined/unknown
	Isolation level: undefined/unknown
	Minimum pool size: undefined/unknown
	Maximum pool size: undefined/unknown
2025-11-30T03:15:51.082Z  INFO 26936 --- [    Test worker] o.h.e.t.j.p.i.JtaPlatformInitiator       : HHH000489: No JTA platform available (set 'hibernate.transaction.jta.platform' to enable JTA platform integration)
2025-11-30T03:15:51.090Z  INFO 26936 --- [    Test worker] j.LocalContainerEntityManagerFactoryBean : Initialized JPA EntityManagerFactory for persistence unit 'default'
2025-11-30T03:15:51.372Z  INFO 26936 --- [    Test worker] o.s.b.a.w.s.WelcomePageHandlerMapping    : Adding welcome page: class path resource [static/index.html]
2025-11-30T03:15:51.424Z  INFO 26936 --- [    Test worker] r$InitializeUserDetailsManagerConfigurer : Global AuthenticationManager configured with UserDetailsService bean with name customUserDetailsService
2025-11-30T03:15:51.555Z  INFO 26936 --- [    Test worker] o.s.b.w.embedded.tomcat.TomcatWebServer  : Tomcat started on port 32933 (http) with context path '/'
2025-11-30T03:15:51.558Z  INFO 26936 --- [    Test worker] com.muczynski.library.ui.SearchUITest    : Started SearchUITest in 0.882 seconds (process running for 840.67)
2025-11-30T03:15:51.561Z  INFO 26936 --- [    Test worker] c.m.library.config.DatabaseMigration     : Checking for users without userIdentifier...
2025-11-30T03:15:51.564Z DEBUG 26936 --- [    Test worker] c.m.library.config.DatabaseMigration     : Generated userIdentifier for user: librarian (ID: 1)
2025-11-30T03:15:51.565Z DEBUG 26936 --- [    Test worker] c.m.library.config.DatabaseMigration     : Generated userIdentifier for user: testuser (ID: 2)
2025-11-30T03:15:51.565Z  INFO 26936 --- [    Test worker] c.m.library.config.DatabaseMigration     : Migration complete: Generated userIdentifier for 2 users
2025-11-30T03:15:51.570Z  INFO 26936 --- [    Test worker] c.m.library.service.PhotoService         : Checksum migration: No photos without checksum found
2025-11-30T03:15:51.636Z  INFO 26936 --- [-auto-35-exec-1] o.a.c.c.C.[Tomcat-1].[localhost].[/]     : Initializing Spring DispatcherServlet 'dispatcherServlet'
2025-11-30T03:15:51.636Z  INFO 26936 --- [-auto-35-exec-1] o.s.web.servlet.DispatcherServlet        : Initializing Servlet 'dispatcherServlet'
2025-11-30T03:15:51.637Z  INFO 26936 --- [-auto-35-exec-1] o.s.web.servlet.DispatcherServlet        : Completed initialization in 1 ms
2025-11-30T03:15:51.859Z  INFO 26936 --- [-auto-35-exec-8] c.m.l.c.GlobalPropertiesController       : Checking test data page visibility property
2025-11-30T03:15:51.974Z  INFO 26936 --- [-auto-35-exec-6] c.m.l.c.GlobalSettingsController         : Checking SSO configuration status
2025-11-30T03:15:51.975Z DEBUG 26936 --- [-auto-35-exec-6] c.m.l.service.GlobalSettingsService      : Fetching global settings DTO
2025-11-30T03:15:51.975Z DEBUG 26936 --- [-auto-35-exec-6] c.m.l.service.GlobalSettingsService      : Fetching global settings
2025-11-30T03:15:51.978Z  INFO 26936 --- [-auto-35-exec-6] c.m.l.service.GlobalSettingsService      : No global settings found, creating default settings
2025-11-30T03:15:51.981Z DEBUG 26936 --- [-auto-35-exec-6] c.m.l.service.GlobalSettingsService      : Fetching global settings
2025-11-30T03:15:51.982Z  WARN 26936 --- [-auto-35-exec-6] c.m.l.service.GlobalSettingsService      : No Client Secret configured in database or environment variable
2025-11-30T03:15:51.983Z DEBUG 26936 --- [-auto-35-exec-6] c.m.l.service.GlobalSettingsService      : Fetching global settings
2025-11-30T03:15:51.984Z DEBUG 26936 --- [-auto-35-exec-6] c.m.l.service.GlobalSettingsService      : No SSO Client ID configured
2025-11-30T03:15:51.985Z DEBUG 26936 --- [-auto-35-exec-6] c.m.l.service.GlobalSettingsService      : Fetching global settings
2025-11-30T03:15:51.986Z DEBUG 26936 --- [-auto-35-exec-6] c.m.l.service.GlobalSettingsService      : No SSO Client Secret configured
2025-11-30T03:15:51.995Z  INFO 26936 --- [-auto-35-exec-5] c.m.l.c.GlobalPropertiesController       : Checking test data page visibility property
2025-11-30T03:15:52.698Z  INFO 26936 --- [-auto-35-exec-1] c.m.l.c.GlobalSettingsController         : Checking SSO configuration status
2025-11-30T03:15:52.699Z DEBUG 26936 --- [-auto-35-exec-1] c.m.l.service.GlobalSettingsService      : Fetching global settings DTO
2025-11-30T03:15:52.699Z DEBUG 26936 --- [-auto-35-exec-1] c.m.l.service.GlobalSettingsService      : Fetching global settings
2025-11-30T03:15:52.700Z DEBUG 26936 --- [-auto-35-exec-1] c.m.l.service.GlobalSettingsService      : Fetching global settings
2025-11-30T03:15:52.702Z  WARN 26936 --- [-auto-35-exec-1] c.m.l.service.GlobalSettingsService      : No Client Secret configured in database or environment variable
2025-11-30T03:15:52.702Z DEBUG 26936 --- [-auto-35-exec-1] c.m.l.service.GlobalSettingsService      : Fetching global settings
2025-11-30T03:15:52.703Z DEBUG 26936 --- [-auto-35-exec-1] c.m.l.service.GlobalSettingsService      : No SSO Client ID configured
2025-11-30T03:15:52.703Z DEBUG 26936 --- [-auto-35-exec-1] c.m.l.service.GlobalSettingsService      : Fetching global settings
2025-11-30T03:15:52.704Z DEBUG 26936 --- [-auto-35-exec-1] c.m.l.service.GlobalSettingsService      : No SSO Client Secret configured
2025-11-30T03:15:52.709Z  INFO 26936 --- [-auto-35-exec-9] c.m.l.c.GlobalPropertiesController       : Checking test data page visibility property
2025-11-30T03:16:12.347Z  INFO 26936 --- [    Test worker] o.s.b.w.e.tomcat.GracefulShutdown        : Commencing graceful shutdown. Waiting for active requests to complete
2025-11-30T03:16:12.348Z  INFO 26936 --- [tomcat-shutdown] o.s.b.w.e.tomcat.GracefulShutdown        : Graceful shutdown complete
2025-11-30T03:16:12.353Z  INFO 26936 --- [    Test worker] j.LocalContainerEntityManagerFactoryBean : Closing JPA EntityManagerFactory for persistence unit 'default'
2025-11-30T03:16:12.355Z  INFO 26936 --- [    Test worker] com.zaxxer.hikari.HikariDataSource       : HikariPool-60 - Shutdown initiated...
2025-11-30T03:16:12.356Z  INFO 26936 --- [    Test worker] com.zaxxer.hikari.HikariDataSource       : HikariPool-60 - Shutdown completed.
]]></system-out>
  <system-err><![CDATA[]]></system-err>
</testsuite>
